Fetching faculty names...
Scraping institutions index...
[1/100] Scraping A.D Rufa'i College for Legal and Islamic Studies (AFFL TO BAYERO UNI. KANO)...
[2/100] Scraping Abia State University...
[3/100] Scraping Abubakar Tafawa Balewa University...
[4/100] Scraping Abubakar Tatari Ali Polytechnic- DEG (Affliated to ATBU Bauchi State)...
[5/100] Scraping Achievers University...
[6/100] Scraping Adamawa State Polytechnic, Yola (Affliated to University Of Maiduguri)...
[7/100] Scraping Adamawa State University...
[8/100] Scraping Adekunle Ajasin University...
(node:171423) MaxListenersExceededWarning: Possible EventEmitter memory leak detected. 11 error listeners added to [TLSSocket]. MaxListeners is 10. Use emitter.setMaxListeners() to increase limit
(Use `node --trace-warnings ...` to show where the warning was created)
[9/100] Scraping Adeleke University, Ede...
[10/100] Scraping Adeniran Ogunsanya College of Education (Affliate to Ekiti State University)...
Saved 10 institutions to nigerian_tertiary_master.json
[11/100] Scraping Adeyemi College Of Education, Ondo(Affliated to OAU, Ile-Ife)...
[12/100] Scraping Admiralty University of Nigeria...
[13/100] Scraping Afe Babalola University...
[14/100] Scraping Ahmadu Bello University...
[15/100] Scraping Ahman Pategi University, Patigi....
[16/100] Scraping Air Force Institute Of Technology - DEG...
[17/100] Scraping Ajayi Crowther University...
[18/100] Scraping Akwa Ibom State College of Education(Affliated to University of Uyo)...
[19/100] Scraping Akwa Ibom State University...
[20/100] Scraping Al-Hikmah University...
Saved 20 institutions to nigerian_tertiary_master.json
[21/100] Scraping Al-Qalam University, Katsina...
[22/100] Scraping Alvan Ikoku Federal College Of Education (Affliated to University of Nigeria Nsukka)...
[23/100] Scraping Alvan Ikoku University Of Education...
[24/100] Scraping Ambrose Alli University...
[25/100] Scraping American University of Nigeria...
[26/100] Scraping Anchor University...
[27/100] Scraping Archbishop Vining College of Theology	(Affiliated to University of Ibadan)...
[28/100] Scraping Arthur Jarvis University...
[29/100] Scraping Atiba University, Oyo...
[30/100] Scraping Auchi Polytechnic, Edo State (Affiliated to Nnamdi  Azikiwe University, Awka)...
Saved 30 institutions to nigerian_tertiary_master.json
[31/100] Scraping Augustine University...
[32/100] Scraping Ave Maria University...
[33/100] Scraping Babcock University...
[34/100] Scraping Bamidele Olumilua University Of Education, Science and Technology....
[35/100] Scraping Baptist College of Theology, Benin (Affiliated to Ambrose Alli University)...
[36/100] Scraping Baptist College of Theology, Obinze, Owerri (Affiliated to University of Por-Harcourt)...
[37/100] Scraping Bauchi State University...
[38/100] Scraping Bayelsa Medical University...
[39/100] Scraping Bayero University Kano...
[40/100] Scraping Baze University...
Saved 40 institutions to nigerian_tertiary_master.json
[41/100] Scraping Bells University of Technology...
[42/100] Scraping Benson Idahosa University...
[43/100] Scraping Benue State University...
[44/100] Scraping Bigard Memorial Seminary, Enugu (Affiliated to University of Ibadan)...
[45/100] Scraping Bingham University...
[46/100] Scraping Borno State University...
[47/100] Scraping Bowen University...
[48/100] Scraping Bukar Abba Ibrahim University...
[49/100] Scraping Caleb University...
[50/100] Scraping Calvary College of Theology, Port Harcourt (Affiliated to University of Calaba...
Saved 50 institutions to nigerian_tertiary_master.json
[51/100] Scraping Capital City University, Warawa, Kano...
[52/100] Scraping Caritas University...
[53/100] Scraping Catholic Institute of West Africa, Port Harcourt (Affiliated to University of Calabar)...
[54/100] Scraping Catholic University of Nigeria...
[55/100] Scraping Cetep University...
[56/100] Scraping Chrisland University...
[57/100] Scraping Christopher University...
[58/100] Scraping Chukwuemeka Odumegwu Ojukwu University (former ANSU)...
[59/100] Scraping Claretian University Nekede, Imo State (Formerly Claretain Institute of Philosophy)...
[60/100] Scraping Clifford University...
Saved 60 institutions to nigerian_tertiary_master.json
[61/100] Scraping Coal City University...
[62/100] Scraping College of Arabic and Islamic Legal Studies, Ilorin (Affiliated to Bayero University)...
[63/100] Scraping College of Education, Agbor (Affiliated to Delta State University, Abraka)...
[64/100] Scraping College Of Education, Akwanga (Affiliated to Ahmadu Bello University Zaria)...
[65/100] Scraping College Of Education, Ankpa (Affiliated to ATBU, Bauchi)...
[66/100] Scraping College Of Education, Azare (Affiliated to University of Maiduguri)...
[67/100] Scraping College Of Education, Gidan-waya, Kafanchan (Affiliated to ABU)...
[68/100] Scraping College Of Education, Hong  (Affiliated to Ahmadu Bello University)...
[69/100] Scraping College Of Education, Ikere  (Affiliated to University of Nigeria, Nsukka)...
[70/100] Scraping College Of Education, Ilesa (Affiliated to University of Ibadan)...
Saved 70 institutions to nigerian_tertiary_master.json
[71/100] Scraping College Of Education, Katsina-ala (Affiliated to University of Calabar)...
[72/100] Scraping College of Education, Mosogar (Affiliated to Delta State University, Abraka)...
[73/100] Scraping College Of Education, Oju - (Affiliated to Benue State University)...
[74/100] Scraping College Of Education, Oro (Affiliated to Ekiti State University)...
[75/100] Scraping College Of Education, Waka-biu (Affiliated to University of Maiduguri)...
[76/100] Scraping College Of Education, Warri (Affiliated to Delta State University, Abraka)...
[77/100] Scraping College Of Education, Warri (Affiliated to University Benin)...
[78/100] Scraping College of Education, Zing (Affiliated to Ahmadu Bello University)...
[79/100] Scraping College of Seminary and Theology, Irri (Affiliated to Niger Delta University, Wilberforce Island)...
[80/100] Scraping Confluence University Of Science and Technology...
Saved 80 institutions to nigerian_tertiary_master.json
[81/100] Scraping Covenant University...
[82/100] Scraping Crawford University...
[83/100] Scraping Crescent University...
[84/100] Scraping Cross River State College Of Education (Affiliated to University of Calabar)...
[85/100] Scraping Crown-Hill University...
[86/100] Scraping David Nweze Umahi University of Medical Sciences...
[87/100] Scraping Delta State College Of Physical Education (Affiliated to University of Benin)...
[88/100] Scraping Delta State University Of Science And Technology...
[89/100] Scraping Delta State University, Abraka...
[90/100] Scraping Dennis Osadebay University, Anwai (formely Delta State University Anwai campus)...
Saved 90 institutions to nigerian_tertiary_master.json
[91/100] Scraping Distance Learning Centre, Ahmadu Bello University...
[92/100] Scraping Dominican University, Ibadan...
[93/100] Scraping Dominion University...
[94/100] Scraping E-LEARNING NOUN...
[95/100] Scraping E-LEARNING UDUSOK...
[96/100] Scraping E-LEARNING UNILAG...
[97/100] Scraping E-Learning UNIMAID...
[98/100] Scraping E-LEARNING UNIUYO...
[99/100] Scraping Eastern Palm University...
[100/100] Scraping Ebonyi State College of Education, Ikwo (Affiliated to EBSU)...
Saved 100 institutions to nigerian_tertiary_master.json
