Fetching faculty names...
Scraping institutions index...
[1/873] Scraping A.D Rufa'i College for Legal and Islamic Studies (AFFL TO BAYERO UNI. KANO)...
[2/873] Scraping Abia State University...
[3/873] Scraping Abubakar Tafawa Balewa University...
[4/873] Scraping Abubakar Tatari Ali Polytechnic- DEG (Affliated to ATBU Bauchi State)...
[5/873] Scraping Achievers University...
[6/873] Scraping Adamawa State Polytechnic, Yola (Affliated to University Of Maiduguri)...
[7/873] Scraping Adamawa State University...
[8/873] Scraping Adekunle Ajasin University...
(node:188062) MaxListenersExceededWarning: Possible EventEmitter memory leak detected. 11 error listeners added to [TLSSocket]. MaxListeners is 10. Use emitter.setMaxListeners() to increase limit
(Use `node --trace-warnings ...` to show where the warning was created)
[9/873] Scraping Adeleke University, Ede...
[10/873] Scraping Adeniran Ogunsanya College of Education (Affliate to Ekiti State University)...
Saved 10 institutions to nigerian_tertiary_master.json
[11/873] Scraping Adeyemi College Of Education, Ondo(Affliated to OAU, Ile-Ife)...
[12/873] Scraping Admiralty University of Nigeria...
[13/873] Scraping Afe Babalola University...
[14/873] Scraping Ahmadu Bello University...
[15/873] Scraping Ahman Pategi University, Patigi....
[16/873] Scraping Air Force Institute Of Technology - DEG...
[17/873] Scraping Ajayi Crowther University...
[18/873] Scraping Akwa Ibom State College of Education(Affliated to University of Uyo)...
[19/873] Scraping Akwa Ibom State University...
[20/873] Scraping Al-Hikmah University...
Saved 20 institutions to nigerian_tertiary_master.json
[21/873] Scraping Al-Qalam University, Katsina...
[22/873] Scraping Alvan Ikoku Federal College Of Education (Affliated to University of Nigeria Nsukka)...
[23/873] Scraping Alvan Ikoku University Of Education...
[24/873] Scraping Ambrose Alli University...
[25/873] Scraping American University of Nigeria...
[26/873] Scraping Anchor University...
[27/873] Scraping Archbishop Vining College of Theology	(Affiliated to University of Ibadan)...
[28/873] Scraping Arthur Jarvis University...
[29/873] Scraping Atiba University, Oyo...
[30/873] Scraping Auchi Polytechnic, Edo State (Affiliated to Nnamdi  Azikiwe University, Awka)...
Saved 30 institutions to nigerian_tertiary_master.json
[31/873] Scraping Augustine University...
[32/873] Scraping Ave Maria University...
[33/873] Scraping Babcock University...
[34/873] Scraping Bamidele Olumilua University Of Education, Science and Technology....
[35/873] Scraping Baptist College of Theology, Benin (Affiliated to Ambrose Alli University)...
[36/873] Scraping Baptist College of Theology, Obinze, Owerri (Affiliated to University of Por-Harcourt)...
[37/873] Scraping Bauchi State University...
[38/873] Scraping Bayelsa Medical University...
[39/873] Scraping Bayero University Kano...
[40/873] Scraping Baze University...
Saved 40 institutions to nigerian_tertiary_master.json
[41/873] Scraping Bells University of Technology...
[42/873] Scraping Benson Idahosa University...
[43/873] Scraping Benue State University...
[44/873] Scraping Bigard Memorial Seminary, Enugu (Affiliated to University of Ibadan)...
[45/873] Scraping Bingham University...
[46/873] Scraping Borno State University...
[47/873] Scraping Bowen University...
[48/873] Scraping Bukar Abba Ibrahim University...
[49/873] Scraping Caleb University...
[50/873] Scraping Calvary College of Theology, Port Harcourt (Affiliated to University of Calaba...
Saved 50 institutions to nigerian_tertiary_master.json
[51/873] Scraping Capital City University, Warawa, Kano...
[52/873] Scraping Caritas University...
[53/873] Scraping Catholic Institute of West Africa, Port Harcourt (Affiliated to University of Calabar)...
[54/873] Scraping Catholic University of Nigeria...
[55/873] Scraping Cetep University...
[56/873] Scraping Chrisland University...
[57/873] Scraping Christopher University...
[58/873] Scraping Chukwuemeka Odumegwu Ojukwu University (former ANSU)...
[59/873] Scraping Claretian University Nekede, Imo State (Formerly Claretain Institute of Philosophy)...
[60/873] Scraping Clifford University...
Saved 60 institutions to nigerian_tertiary_master.json
[61/873] Scraping Coal City University...
[62/873] Scraping College of Arabic and Islamic Legal Studies, Ilorin (Affiliated to Bayero University)...
[63/873] Scraping College of Education, Agbor (Affiliated to Delta State University, Abraka)...
[64/873] Scraping College Of Education, Akwanga (Affiliated to Ahmadu Bello University Zaria)...
[65/873] Scraping College Of Education, Ankpa (Affiliated to ATBU, Bauchi)...
[66/873] Scraping College Of Education, Azare (Affiliated to University of Maiduguri)...
[67/873] Scraping College Of Education, Gidan-waya, Kafanchan (Affiliated to ABU)...
[68/873] Scraping College Of Education, Hong  (Affiliated to Ahmadu Bello University)...
[69/873] Scraping College Of Education, Ikere  (Affiliated to University of Nigeria, Nsukka)...
[70/873] Scraping College Of Education, Ilesa (Affiliated to University of Ibadan)...
Saved 70 institutions to nigerian_tertiary_master.json
[71/873] Scraping College Of Education, Katsina-ala (Affiliated to University of Calabar)...
[72/873] Scraping College of Education, Mosogar (Affiliated to Delta State University, Abraka)...
[73/873] Scraping College Of Education, Oju - (Affiliated to Benue State University)...
[74/873] Scraping College Of Education, Oro (Affiliated to Ekiti State University)...
[75/873] Scraping College Of Education, Waka-biu (Affiliated to University of Maiduguri)...
[76/873] Scraping College Of Education, Warri (Affiliated to Delta State University, Abraka)...
[77/873] Scraping College Of Education, Warri (Affiliated to University Benin)...
[78/873] Scraping College of Education, Zing (Affiliated to Ahmadu Bello University)...
[79/873] Scraping College of Seminary and Theology, Irri (Affiliated to Niger Delta University, Wilberforce Island)...
[80/873] Scraping Confluence University Of Science and Technology...
Saved 80 institutions to nigerian_tertiary_master.json
[81/873] Scraping Covenant University...
[82/873] Scraping Crawford University...
[83/873] Scraping Crescent University...
[84/873] Scraping Cross River State College Of Education (Affiliated to University of Calabar)...
[85/873] Scraping Crown-Hill University...
[86/873] Scraping David Nweze Umahi University of Medical Sciences...
[87/873] Scraping Delta State College Of Physical Education (Affiliated to University of Benin)...
[88/873] Scraping Delta State University Of Science And Technology...
[89/873] Scraping Delta State University, Abraka...
[90/873] Scraping Dennis Osadebay University, Anwai (formely Delta State University Anwai campus)...
Saved 90 institutions to nigerian_tertiary_master.json
[91/873] Scraping Distance Learning Centre, Ahmadu Bello University...
[92/873] Scraping Dominican University, Ibadan...
[93/873] Scraping Dominion University...
[94/873] Scraping E-LEARNING NOUN...
[95/873] Scraping E-LEARNING UDUSOK...
[96/873] Scraping E-LEARNING UNILAG...
[97/873] Scraping E-Learning UNIMAID...
[98/873] Scraping E-LEARNING UNIUYO...
[99/873] Scraping Eastern Palm University...
[100/873] Scraping Ebonyi State College of Education, Ikwo (Affiliated to EBSU)...
Saved 100 institutions to nigerian_tertiary_master.json
[101/873] Scraping Ebonyi State University...
[102/873] Scraping ECWA Theological Seminary, Igbaja (Affiliated to University of Ibadan)...
[103/873] Scraping Edo State University Uzairue (Formerly Edo University Iyamho)...
[104/873] Scraping Edwin Clark University...
[105/873] Scraping Ekiti State University...
[106/873] Scraping Eko University of Medicine and Health Sciences...
[107/873] Scraping Elizade University...
[108/873] Scraping Emirates College Of Health Science And Technology  (Affiliated to KWASU)...
[109/873] Scraping Enugu State College Of Education, Technical	(Affiliated to Nnamdi Azikiwe University)...
[110/873] Scraping Enugu State University Of Science And Technology...
Saved 110 institutions to nigerian_tertiary_master.json
[111/873] Scraping Essien Ukpabia Presbyterian Theological College, Itu, Akwa Ibom State...
[112/873] Scraping Evangel University...
[113/873] Scraping FCT College Of Education, Zuba (Affiliated to Ahmadu Bello University)...
[114/873] Scraping Federal College Of Animal Health & Production Tech, Vom (Affiliated to Abubakar Tafawa Balewa Uni)...
[115/873] Scraping Federal College of Dental Technology and Therapy (Affiliated to FUTO)...
[116/873] Scraping Federal College Of Education (Special), Oyo-  DEG...
[117/873] Scraping Federal College Of Education (Technical) Akoka- (Affiliated to UNIBEN)...
[118/873] Scraping Federal College Of Education (Technical) Gusau (Affiliated to Ahmadu Bello University)...
[119/873] Scraping Federal College Of Education (Technical) Gusau (Affiliated to FUTMINNA)...
[120/873] Scraping Federal College Of Education (Technical) Omoku (Affiliated to University of Uyo)...
Saved 120 institutions to nigerian_tertiary_master.json
[121/873] Scraping Federal College of Education (Technical) Potiskum (Affiliated to Abubakar Tafawa Balewa University)...
[122/873] Scraping Federal College Of Education (Technical) Umunze	- DEG...
[123/873] Scraping Federal College of Education (Technical), Asaba (Affiliated to UNIBEN)...
[124/873] Scraping Federal College Of Education (Technical), Gombe	(Affiliated to Abubakar Tafawa Balewa University)...
[125/873] Scraping Federal College Of Education Abeokuta	(Affiliated to University of Ibadan)...
[126/873] Scraping Federal College Of Education Katsina (Affiliated to Bayero University)...
[127/873] Scraping Federal college of Education Kontagora	 (Affiliated to Amadu Bello university)...
[128/873] Scraping Federal College Of Education Obudu (Affiliated to University of Calabar)...
[129/873] Scraping Federal College Of Education Okene (Affiliated to University of Ibadan)...
[130/873] Scraping Federal College Of Education Yola	(Affiliated to UNIMAID)...
Saved 130 institutions to nigerian_tertiary_master.json
[131/873] Scraping Federal College Of Education Zaria (Affiliated to Ahmadu Bello University)...
[132/873] Scraping Federal College Of Education, Eha-amufu (Affiliated to University of Nigeria, Nsukka)...
[133/873] Scraping Federal College Of Education, Kano (Affiliated to Ahmadu Bello University)...
[134/873] Scraping Federal College of Education, Pankshin (Affiliated to University of Jos)...
[135/873] Scraping Federal Polytechnic Ado-Ekiti	(Affiliated to FUTMINNA)...
[136/873] Scraping Federal Polytechnic Bauchi (Affiliated to Abubakar Tafawa Balewa University)...
[137/873] Scraping Federal Polytechnic, Bida (Affiliated to FUTMINNA)...
[138/873] Scraping Federal Polytechnic, Offa, Kwara (Affiliated to FUTMINNA)...
[139/873] Scraping Federal University Gashua...
[140/873] Scraping Federal University Gusau...
Saved 140 institutions to nigerian_tertiary_master.json
[141/873] Scraping Federal University of Agriculture, Abeokuta...
[142/873] Scraping Federal University Of Agriculture, Makurdi...
[143/873] Scraping Federal University Of Agriculture, Zuru, Kebbi...
[144/873] Scraping Federal University of Petroleum Resource...
[145/873] Scraping Federal University of Technology Akure...
[146/873] Scraping Federal University of Technology Minna...
[147/873] Scraping Federal University of Technology, Owerri...
[148/873] Scraping Federal University, Birnin Kebbi...
[149/873] Scraping Federal University, Dutse...
[150/873] Scraping Federal University, Dutsin-ma...
Saved 150 institutions to nigerian_tertiary_master.json
[151/873] Scraping Federal University, Kashere...
[152/873] Scraping Federal University, Lafia...
[153/873] Scraping Federal University, Lokoja...
[154/873] Scraping Federal University, Ndufu-alike...
[155/873] Scraping Federal University, Otuoke...
[156/873] Scraping Federal University, Oye-ekiti...
[157/873] Scraping Federal University, Wukari...
[158/873] Scraping First Technical University, Ibadan...
[159/873] Scraping Fountain University...
[160/873] Scraping Godfrey Okoye University...
Saved 160 institutions to nigerian_tertiary_master.json
[161/873] Scraping Gombe State university...
[162/873] Scraping Gombe State University of Science and Technology...
[163/873] Scraping Greenfield University, Kaduna...
[164/873] Scraping Gregory University, Uturu...
[165/873] Scraping Hallmark University...
[166/873] Scraping Hassan Usman Katsina Polytechnic (Affiliated to FUTMINNA)...
[167/873] Scraping Havilla University, Nde-Ikom, Cross River...
[168/873] Scraping Hezekiah University...
[169/873] Scraping Ibrahim Badamasi Babangida University...
[170/873] Scraping Igbinedion University...
Saved 170 institutions to nigerian_tertiary_master.json
[171/873] Scraping Ignatius Ajuru University...
[172/873] Scraping Immanuel College of Technology and Christian Education , Samonda, Ibadan...
[173/873] Scraping Immanuel College of Technology and Christian Education , Samonda, Ibadan (Affiliated to University o...
[174/873] Scraping Imo State University...
[175/873] Scraping Institute of Management and Technology Enugu (Affiliated to University of Nigeria)...
[176/873] Scraping International Institute Of Tourism And Hospitality, Yenagoa...
[177/873] Scraping Isa Kaita College of Education, Dutsinma (Affiliate to Ahmadu Bello University)...
[178/873] Scraping Isaac Jasper Boro College of Education (Affiliated to Niger Delta University)...
[179/873] Scraping Jigawa State College Of Education, Gumel (Affiliated to Bayero University)...
[180/873] Scraping Joseph Ayo Babalola University...
Saved 180 institutions to nigerian_tertiary_master.json
[181/873] Scraping Kaduna Polytechnic, Kaduna (Affiliated to FUTMINNA)...
[182/873] Scraping Kaduna Polytechnic, Tunda (Affiliated to Ahmadu Bello University)...
[183/873] Scraping Kaduna State university...
[184/873] Scraping Kano University Of Science And Technology...
[185/873] Scraping Karl Kumm University, Vom, Plateau State...
[186/873] Scraping Kashim-ibrahim College Of Education, Maiduguri (Affiliated to UNIMAID)...
[187/873] Scraping Katsina University...
[188/873] Scraping Kebbi State University Of Science And Technology...
[189/873] Scraping Khadija University, Majia, Jigawa State...
[190/873] Scraping Kings University...
Saved 190 institutions to nigerian_tertiary_master.json
[191/873] Scraping kogi State University...
[192/873] Scraping KolaDaisi University...
[193/873] Scraping Kwara State College Of Education (Technical), Lafiagi (Affiliated to Ahmadu Bello University)...
[194/873] Scraping Kwara State College of Education, Ilorin...
[195/873] Scraping Kwara State University...
[196/873] Scraping Kwararafa University...
[197/873] Scraping Ladoke Akintola University of Technology...
[198/873] Scraping Lagos State University...
[199/873] Scraping Lagos State University of Education (Formerly, Adeniran Ogunsanya College of Education)...
[200/873] Scraping Lagos State University of Education (Formerly, Michael Otedola College Of Primary Education)...
Saved 200 institutions to nigerian_tertiary_master.json
[201/873] Scraping Lagos State University of Science and Technology (Formerly, Lagos State Polytechnic)...
[202/873] Scraping Land Mark Polytechnic...
[203/873] Scraping Landmark University...
[204/873] Scraping Lapo Institute For Microfinance And Enterprise Development, Benin...
[205/873] Scraping Lead City University...
[206/873] Scraping Legacy University...
[207/873] Scraping Life Theological Seminary...
[208/873] Scraping Madonna University...
[209/873] Scraping Maranatha University...
[210/873] Scraping Maryam Abacha, American University of Nigeria...
Saved 210 institutions to nigerian_tertiary_master.json
[211/873] Scraping McPherson University...
[212/873] Scraping Methodist Theological Institute, Umuahia...
[213/873] Scraping Mewar University Nigeria...
[214/873] Scraping Michael Imodu National Institute for Labour Studies (Affiliated to University of Ilorin...
[215/873] Scraping Michael Okpara University of Agriculture, Umudike...
[216/873] Scraping Michael Otedola College Of Primary Education, Moforiji (Affiliated to University of Ibadan)...
[217/873] Scraping Micheal and Cecilia Ibru University...
[218/873] Scraping Modibbo Adama University of Technology...
[219/873] Scraping Mountain Top University...
[220/873] Scraping Mudiame University...
Saved 220 institutions to nigerian_tertiary_master.json
[221/873] Scraping Nasarawa State University...
[222/873] Scraping National Film Institute...
[223/873] Scraping National Film Institute (Affiliated to University of Jos)...
[224/873] Scraping National Missionary Seminary of St-Paul, Gwagwalada...
[225/873] Scraping National Open University of  Nigeria...
[226/873] Scraping National Teachers Institute, Kaduna...
[227/873] Scraping New Gate College of Health Technology...
[228/873] Scraping Niger Delta University...
[229/873] Scraping Niger State College of Education, Minna (Affiliated to Ahmadu Bello University)...
[230/873] Scraping Niger State College of Education, Minna (Affiliated to Usman Danfodiyo University)...
Saved 230 institutions to nigerian_tertiary_master.json
[231/873] Scraping Nigeria Baptist Theological Seminary, Ogbomosho...
[232/873] Scraping Nigeria Police Academy...
[233/873] Scraping Nigerian Army School of Education (Affiliated to Tai Solarin University of Education)...
[234/873] Scraping Nigerian Army University, Borno...
[235/873] Scraping Nigerian Christian Bible College, Ukpom...
[236/873] Scraping Nigerian Defence Academy...
[237/873] Scraping Nigerian Maritime University...
[238/873] Scraping Nigerian Police Academy, Wudil, Kano State...
[239/873] Scraping Nigerian Television Authority Television College...
[240/873] Scraping Nile University of Nigeria...
Saved 240 institutions to nigerian_tertiary_master.json
[241/873] Scraping Nnamdi Azikiwe University...
[242/873] Scraping Nok University, Kachia, Kaduna State...
[243/873] Scraping Northwest University, Kano (Now Yusuf Maitama Sule University)...
[244/873] Scraping Novena University...
[245/873] Scraping Nwafor Orizu College Of Education, Nsugbe ( University of Nigeria Nsukka)...
[246/873] Scraping Obafemi Awolowo University...
[247/873] Scraping Obong University...
[248/873] Scraping Oduduwa University...
[249/873] Scraping Olabisi Onabanjo University...
[250/873] Scraping Olusegun Agagu University of Science and Technology (Formerly Ondo State University of Science and T...
Saved 250 institutions to nigerian_tertiary_master.json
[251/873] Scraping Osun State College Of Education, Ila-orangun (Affiliated to Ekiti State University)...
[252/873] Scraping Osun State University...
[253/873] Scraping Pamo University of Medical Sciences...
[254/873] Scraping Pan-Atlantic University...
[255/873] Scraping Paul University...
[256/873] Scraping Philomath University, Kuje...
[257/873] Scraping Plateau State University...
[258/873] Scraping Pope John Major Seminary, Okpun, Awka...
[259/873] Scraping Precious Cornerstone University...
[260/873] Scraping Redeemer's University...
Saved 260 institutions to nigerian_tertiary_master.json
[261/873] Scraping Renaissance University...
[262/873] Scraping Rhema University...
[263/873] Scraping Ritman University...
[264/873] Scraping Rivers State University...
[265/873] Scraping Saadatu Rimi College of Education, Kumbotso (Affiliated to Ahmadu Bello University)...
[266/873] Scraping Saadatu Rimi College of Education, Kumbotso (Affiliated to Bayero University)...
[267/873] Scraping SAF Polytechnic Iseyin...
[268/873] Scraping Salem University...
[269/873] Scraping Samuel Adegboyega University...
[270/873] Scraping Savannah Institute Of Technology (Affiliated to Federal University, Wukari)...
Saved 270 institutions to nigerian_tertiary_master.json
[271/873] Scraping Seat of Wisdom Seminary, Owerri (Affiliated to IMSU)...
[272/873] Scraping Seminary of All Saints, Uhiele, Ekpoma (Affiliated to UNIBEN)...
[273/873] Scraping Shehu Shagari College of Education (Affl to Ahmadu Bello University, Zaria)...
[274/873] Scraping Shehu Shagari College of Education (Affl to Usman Dan-Fodio University, Sokoto)...
[275/873] Scraping Sheik Ibrahim El-Tayeb Institute, Kano (Affiliated to Bayero University)...
[276/873] Scraping Skyline University, Kano...
[277/873] Scraping Sokoto State University...
[278/873] Scraping SouthWestern University...
[279/873] Scraping Spiritan International School of Theology, Attakwu (Affiliated to University of Nigeria Nsukka)...
[280/873] Scraping Spiritan School of Philosophy, Issienu Nsukka (Affiliated to University of Nigeria Nsukka)...
Saved 280 institutions to nigerian_tertiary_master.json
[281/873] Scraping Spiritan University...
[282/873] Scraping St-Joseph Major Seminary, Ikot-Ekpene (Affiliated to University of Calabar)...
[283/873] Scraping St. Albert Institute, Kafanchan (Affiliated to University of Jos)...
[284/873] Scraping ST. Albert the Great Major Seminary, Abeokuta (Affiliated to University of Benin)...
[285/873] Scraping St. Augustine College Of Education, Yaba (Affiliated to University of Ibadan)...
[286/873] Scraping St. Peter and Paul Seminary Bodija, Ibadan...
[287/873] Scraping Sule Lamido University (Former Jigawa State University)...
[288/873] Scraping Summit University Offa...
[289/873] Scraping Tai Solarin College of Education, Ijebu-Ode (Affiliated to Olabisi Onabanjo University)...
[290/873] Scraping Tai Solarin University of Education...
Saved 290 institutions to nigerian_tertiary_master.json
[291/873] Scraping Tansian University...
[292/873] Scraping Taraba State University...
[293/873] Scraping The Apostolic Church Theological Seminary, Amumara...
[294/873] Scraping The Federal University of Health Sciences , Otukpo...
[295/873] Scraping The Global Polytechnic...
[296/873] Scraping The Samuel Bill Theological College, Abak...
[297/873] Scraping The University of Africa, Toru-Orua...
[298/873] Scraping The University of Agriculture and Environmental Sciences, Umuagwo...
[299/873] Scraping The University Of Education, Ikere-Ekiti...
[300/873] Scraping Thomas Adewumi University, Oko-Irese,...
Saved 300 institutions to nigerian_tertiary_master.json
[301/873] Scraping Topfaith University, Mkpatak,...
[302/873] Scraping Trinity University...
[303/873] Scraping Uma Ukpai School of Theology, Uyo (Affiliated to University of Uyo)...
[304/873] Scraping Umar Ibn Ibrahim El-Kanemi College Of Education, Science and Technology, Bama (Affl to UNIMAID)...
[305/873] Scraping Umar Suleiman College Of Education, Gashua (Affiliated to UNIMAID)...
[306/873] Scraping Umaru Musa Yar'adua University...
[307/873] Scraping UMCA Theological College, Ilorin...
[308/873] Scraping University of Abuja...
[309/873] Scraping UNIVERSITY OF AFRICA,...
[310/873] Scraping University of Benin...
Saved 310 institutions to nigerian_tertiary_master.json
[311/873] Scraping University of Calabar...
[312/873] Scraping University of Cross River State (Formerly CRUTECH)...
[313/873] Scraping University of Delta State Agbor...
[314/873] Scraping University of Ibadan...
[315/873] Scraping University of Ilorin...
[316/873] Scraping University of Jos...
[317/873] Scraping University of Lagos...
[318/873] Scraping University of Maiduguri...
[319/873] Scraping University of Maiduguri Sandwich...
[320/873] Scraping University of Medical Sciences, Ondo State...
Saved 320 institutions to nigerian_tertiary_master.json
[321/873] Scraping University Of Mkar...
[322/873] Scraping University Of Nigeria Nsukka...
[323/873] Scraping University Of Offa...
[324/873] Scraping University of Port-Harcourt...
[325/873] Scraping University Of Science And Technology, Ifaki-ekiti...
[326/873] Scraping University of Uyo...
[327/873] Scraping Usman Dan Fodio University...
[328/873] Scraping Veritas University, Abuja...
[329/873] Scraping Wellspring University...
[330/873] Scraping Wesley University Of Science And Technology...
Saved 330 institutions to nigerian_tertiary_master.json
[331/873] Scraping West Africa Theological Seminary, Ipaja, Lagos...
[332/873] Scraping Western Delta University...
[333/873] Scraping Westland University...
[334/873] Scraping World Harvest Bible College and Seminary, Calabar...
[335/873] Scraping Yobe State University...
[336/873] Scraping Yusuf Maitama Sule University Kano...
[337/873] Scraping Zamfara State University, Talata Mafara...
[338/873] Scraping A.D Rufa'i College of Education, Legal & General Studies (ND)...
[339/873] Scraping Abdu-gusau Polytechnic...
[340/873] Scraping Abia State College of Health Sciences and Management Technology...
Saved 340 institutions to nigerian_tertiary_master.json
[341/873] Scraping Abia State polytechnic...
[342/873] Scraping Abraham Adesanya Polytechnic...
[343/873] Scraping Abubakar Tatari Ali Polytechnic...
[344/873] Scraping Abuja School of Pension and Requirement Planning...
[345/873] Scraping Adamawa State polytechnic...
[346/873] Scraping Adecom College of Business and Managemet...
[347/873] Scraping Adeseun Ogundoyin Polytechnic Formely The Ibarapa Polytechnic, Eruwa...
[348/873] Scraping Aflon Digital Institute...
[349/873] Scraping Afrihub Ict Institute...
[350/873] Scraping Ahmadu Bello University Teaching Hospital...
Saved 350 institutions to nigerian_tertiary_master.json
[351/873] Scraping Air Force Institute of Technology, Kaduna...
[352/873] Scraping Ajayi Polytechnic...
[353/873] Scraping Akanu Ibiam Federal polytechnic...
[354/873] Scraping Akperan Orshi College Of Agriculture...
[355/873] Scraping Akperan Orshi Polytechnic, Yandev...
[356/873] Scraping Akwa Ibom State College Of Arts And Science...
[357/873] Scraping Akwa Ibom State polytechnic...
[358/873] Scraping Al-Hikma Polytechnic...
[359/873] Scraping Allover central polytechnic...
[360/873] Scraping Ambassador College Of Management And Technology...
Saved 360 institutions to nigerian_tertiary_master.json
[361/873] Scraping Ambassador College Of Technology And Paralegal Studies...
[362/873] Scraping Aminu Dabo College of Health Sciences and Technology...
[363/873] Scraping Aminu Kano Teaching Hospital...
[364/873] Scraping Anambra State College of Agriculture...
[365/873] Scraping Anambra State College of Health Technology, Obosi...
[366/873] Scraping Anambra state polytechnic...
[367/873] Scraping Arewa Paralegal Innovation Enterprise...
[368/873] Scraping Ashi Polytechnic, Anyiin...
[369/873] Scraping Auchi polytechnic...
[370/873] Scraping Audu Bako College Of Agriculture Danbatta...
Saved 370 institutions to nigerian_tertiary_master.json
[371/873] Scraping Bartholomew College of Health Technology...
[372/873] Scraping Bauchi College of Agriculture...
[373/873] Scraping Bauchi State College Of Agriculture...
[374/873] Scraping Bauchi State Institute of Education, Kangere...
[375/873] Scraping Bayelsa State College of Arts and Science...
[376/873] Scraping Bayelsa State Polytechnic, Aleibiri...
[377/873] Scraping Bellarks Polytechnic Kwale...
[378/873] Scraping Benue State Poly...
[379/873] Scraping Best solution polytechnic...
[380/873] Scraping Binyaminu Usman College of Agriculture...
Saved 380 institutions to nigerian_tertiary_master.json
[381/873] Scraping Bolmor Polytechnic...
[382/873] Scraping Buckingham Academy Of Management And Technology...
[383/873] Scraping Business Education Examination Council...
[384/873] Scraping calvary polytechnic...
[385/873] Scraping Centre For Creative Arts Education...
[386/873] Scraping Charkin Maritime Academy, Port Harcourt...
[387/873] Scraping Cifman Institute Of Techn. & Management...
[388/873] Scraping Citi Polytechnic, Abuja...
[389/873] Scraping City Gate Institute Of Innovation And Technology...
[390/873] Scraping Coastal Polytechnic...
Saved 390 institutions to nigerian_tertiary_master.json
[391/873] Scraping College Of Administrative And Business Studies...
[392/873] Scraping College Of Agriculture And Animal Science...
[393/873] Scraping College of Agriculture and Animal Science, Bakura...
[394/873] Scraping College Of Agriculture, Hadijia...
[395/873] Scraping College Of Agriculture, Jalingo...
[396/873] Scraping College Of Agriculture, Kabba...
[397/873] Scraping College Of Agriculture, Lafia...
[398/873] Scraping College Of Agriculture, Zuru...
[399/873] Scraping College of Business and Management Studies, Konduga...
[400/873] Scraping College Of Health Sciences And Technology...
Saved 400 institutions to nigerian_tertiary_master.json
[401/873] Scraping College Of Health Technology Ningi...
[402/873] Scraping College of Health Technology, Calabar...
[403/873] Scraping College of Health Technology, Zawan...
[404/873] Scraping College of Technology, Iresi...
[405/873] Scraping Covenant Polytechnic, Aba...
[406/873] Scraping Cross River State Institute of Tech. and Management, Ugep...
[407/873] Scraping Crown Polytechnic...
[408/873] Scraping D.S Adegbenro ICT Polytechnic...
[409/873] Scraping Dalewares Institute Of Technology...
[410/873] Scraping Delta State College Of Agriculture...
Saved 410 institutions to nigerian_tertiary_master.json
[411/873] Scraping Delta State College Of Health Technology Ofuoma Ughelli...
[412/873] Scraping Delta State Polytechnic, Ogwashi-Uku...
[413/873] Scraping Delta State Polytechnic, Otefe-Oghara...
[414/873] Scraping Delta State School of Marine Technology, Burutu...
[415/873] Scraping Diabo Paralegal Training Institute...
[416/873] Scraping Dorben polytechnic...
[417/873] Scraping Dreamville Ltd (ladela School Abuja)...
[418/873] Scraping Eastern Polytechnic...
[419/873] Scraping Ed-John School Of Management, Ikorodu...
[420/873] Scraping Edo State College Of Agriculture...
Saved 420 institutions to nigerian_tertiary_master.json
[421/873] Scraping Edo State Institute Of Technology And Management...
[422/873] Scraping Edo State Poly Usen...
[423/873] Scraping Ekiti State College Of Agriculture And Technology, Isan-Ekiti...
[424/873] Scraping Elechi Amadi Polytechnic...
[425/873] Scraping Emirates College Of Health Science And Technology...
[426/873] Scraping Enugu State College of Agriculture...
[427/873] Scraping Enugu state polytechnic...
[428/873] Scraping Enville Institute of Management and Technology Polytechnic...
[429/873] Scraping Farmark Institute Of Employment And Creativity Kaduna...
[430/873] Scraping Federal College of Agricultural Produce Technology...
Saved 430 institutions to nigerian_tertiary_master.json
[431/873] Scraping Federal College of Agriculture, Ado-Ekiti/Owo...
[432/873] Scraping Federal College Of Agriculture, Akure...
[433/873] Scraping Federal College Of Agriculture, Ishiagu...
[434/873] Scraping Federal College Of Agriculture, Moor Plantation...
[435/873] Scraping Federal College Of Animal Health & Production Tech, Ibadan...
[436/873] Scraping Federal College Of Animal Health & Production Tech, Vom...
[437/873] Scraping Federal College Of Fisheries And Marine Technology...
[438/873] Scraping Federal College Of Forestry Technology, Ibadan...
[439/873] Scraping Federal College Of Forestry, Jos...
[440/873] Scraping Federal College Of Forestry, Mechanisation, Afaka...
Saved 440 institutions to nigerian_tertiary_master.json
[441/873] Scraping Federal College Of Freshwater Fisheries Tech, Baga...
[442/873] Scraping Federal College Of Freshwater Fisheries Tech, New Bussa...
[443/873] Scraping Federal College Of Horticulture, Dadin Kowa...
[444/873] Scraping Federal College Of Land Resources Technology, Kuru...
[445/873] Scraping Federal College Of Land Resources Technology, Owerri...
[446/873] Scraping Federal College Of Orthopedic Technology, Igbobi...
[447/873] Scraping Federal College Of Wildlife Management, New Bussa...
[448/873] Scraping Federal Cooperative College, Ibadan...
[449/873] Scraping Federal Cooperative College, Kaduna...
[450/873] Scraping Federal Cooperative College, Oji River...
Saved 450 institutions to nigerian_tertiary_master.json
[451/873] Scraping Federal Polytechnic Ado-Ekiti...
[452/873] Scraping federal polytechnic bal...
[453/873] Scraping Federal Polytechnic Daura...
[454/873] Scraping Federal Polytechnic of Oil and Gas, Bonny...
[455/873] Scraping Federal Polytechnic, Bali...
[456/873] Scraping Federal polytechnic, Bauchi...
[457/873] Scraping Federal polytechnic, Bida...
[458/873] Scraping Federal polytechnic, Birnin-Kebbi...
[459/873] Scraping Federal polytechnic, Damaturu...
[460/873] Scraping Federal polytechnic, Ede...
Saved 460 institutions to nigerian_tertiary_master.json
[461/873] Scraping Federal Polytechnic, Ekowe...
[462/873] Scraping Federal polytechnic, Idah...
[463/873] Scraping Federal polytechnic, Ilaro...
[464/873] Scraping Federal Polytechnic, Ile-Oluji...
[465/873] Scraping Federal Polytechnic, Kaura Namoda...
[466/873] Scraping Federal polytechnic, Mubi...
[467/873] Scraping Federal polytechnic, Nasarawa...
[468/873] Scraping Federal polytechnic, Nekede...
[469/873] Scraping Federal Polytechnic, Offa...
[470/873] Scraping Federal polytechnic, Oko...
Saved 470 institutions to nigerian_tertiary_master.json
[471/873] Scraping Federal Polytechnic, Ukana...
[472/873] Scraping Federal School Of Dental Technology And Therapy, Enugu...
[473/873] Scraping Federal School Of Social Works...
[474/873] Scraping Federal School of Statistics, Ibadan...
[475/873] Scraping Federal School of Statistics, Manchok...
[476/873] Scraping Federal School Of Surveying, Oyo...
[477/873] Scraping Federal Training Centre Kaduna...
[478/873] Scraping Fidei Polytechnic, Gboko...
[479/873] Scraping Flyingdove Institute Of Information Technology, Abuja...
[480/873] Scraping Gateway polytechnic Saapade...
Saved 480 institutions to nigerian_tertiary_master.json
[481/873] Scraping Gboko Polytechnic...
[482/873] Scraping Gombe State College Of Health Sciences And Technology, Kaltungo...
[483/873] Scraping Gombe State College Of Nursing And Midwifery...
[484/873] Scraping Gombe State Polytechnic...
[485/873] Scraping Grace Polytechnic, Lagos...
[486/873] Scraping GraceLand Polytechnic...
[487/873] Scraping Grundtvig Polytechnic...
[488/873] Scraping Harry Pass Polytechnic, Tse Usen Mkar...
[489/873] Scraping HARVARDE COLLEGE OF MANAGEMENT AND BUSINESS STUDIES, ABEOKUTA,...
[490/873] Scraping Hassan Usman Katsina Poly...
Saved 490 institutions to nigerian_tertiary_master.json
[491/873] Scraping Heritage Polytechnic...
[492/873] Scraping Highland College Of Tech. & Further Education...
[493/873] Scraping Hussaini Adamu Federal polytechnic...
[494/873] Scraping I-Con Universal Polytechnic...
[495/873] Scraping Ibadan City Polytechnic...
[496/873] Scraping IBOM METROPOLITAN POLYTECHNIC, ATAN OFFOT...
[497/873] Scraping Ifo College Of Management And Technology...
[498/873] Scraping Igbajo Polytechnic...
[499/873] Scraping Ihechukwu Madubuike Institute of Technology...
[500/873] Scraping Imfi, Ict Academy, Uyo...
Saved 500 institutions to nigerian_tertiary_master.json
[501/873] Scraping Imo State College Of Nursing And Health Sciences...
[502/873] Scraping Imo State Polytechnic...
[503/873] Scraping Innovation Institute Of Technology, Kaduna...
[504/873] Scraping Institute of Administration Kongo...
[505/873] Scraping Institute of Health Technology UBTH...
[506/873] Scraping Institute of Management Technology, Enugu...
[507/873] Scraping Institute Of Public Health (OAU), Ile-ife...
[508/873] Scraping Institute of Technology and Management...
[509/873] Scraping Interlink Polytechnic...
[510/873] Scraping Isa Mustapha Agwai I Polytechnic...
Saved 510 institutions to nigerian_tertiary_master.json
[511/873] Scraping Iwo City Polytechnic...
[512/873] Scraping Jigawa State Institute Of Information Technology...
[513/873] Scraping Jigawa State Polytechnic...
[514/873] Scraping Kaduna Business School...
[515/873] Scraping Kaduna Polytechnic...
[516/873] Scraping Kalac Christal Polytechnic...
[517/873] Scraping Kano State College of Health Science and Technology...
[518/873] Scraping Kano State polytechnic...
[519/873] Scraping Karrox-ugrl Computer Education & Training Centre...
[520/873] Scraping Katsina State College Of Health Sciences Technology...
Saved 520 institutions to nigerian_tertiary_master.json
[521/873] Scraping Katsina State College Of Nursing And Midwifery...
[522/873] Scraping Ken Saro-Wiwa Polytechnic...
[523/873] Scraping Kings Polytechnic...
[524/873] Scraping Kogi State Polytechnic...
[525/873] Scraping Kwara State College of Health Technology...
[526/873] Scraping Kwara State polytechnic...
[527/873] Scraping Lagos City Computer College, Lagos...
[528/873] Scraping Lagos City polytechnic...
[529/873] Scraping Lagos State College of Health Technology....
[530/873] Scraping Lagos State College Of Nursing And Midwifery Igando...
Saved 530 institutions to nigerian_tertiary_master.json
[531/873] Scraping Lagos State polytechnic...
[532/873] Scraping Lagos University Teaching Hospital...
[533/873] Scraping Lani Stephens Music Institute...
[534/873] Scraping Laser Petroleum Geo-sciences Centre...
[535/873] Scraping Lens Polytechnic Offa...
[536/873] Scraping Light House Polytechnic...
[537/873] Scraping Linet Paul Innovative Institute...
[538/873] Scraping Literacy College Of Management And Technology...
[539/873] Scraping Lufodo Academy Of Performing Arts...
[540/873] Scraping Mai Idris Alooma Polytechnic...
Saved 540 institutions to nigerian_tertiary_master.json
[541/873] Scraping Mainland College of Technology...
[542/873] Scraping Mallam Yahaya Hamza Institute Of Advance Studies,...
[543/873] Scraping Marist Polytechnic...
[544/873] Scraping Maritime Academy of Nigeria...
[545/873] Scraping Mater Dei Polytechnic...
[546/873] Scraping Metallurgical Training Institute, Onitsha...
[547/873] Scraping Meteorological Institute of Science and Technology...
[548/873] Scraping Metropolitan Institute Of Technology...
[549/873] Scraping Michael Imodu National Institute for Labour Studies...
[550/873] Scraping Millennium College of Health Technology...
Saved 550 institutions to nigerian_tertiary_master.json
[551/873] Scraping Mohammed Lawan College Of Agriculture, Maiduguri...
[552/873] Scraping Moshood Abiola polytechnic...
[553/873] Scraping Nacabs Polytechnic...
[554/873] Scraping Nasarawa State Polytechnic...
[555/873] Scraping National Institute for Construction Technology, Uromi...
[556/873] Scraping National Library of Nigeria...
[557/873] Scraping National Water Resources Institute...
[558/873] Scraping Niger State College Of Agriculture, Mokwa...
[559/873] Scraping Niger State polytechnic...
[560/873] Scraping Nigeria Army College of medical Sciences...
Saved 560 institutions to nigerian_tertiary_master.json
[561/873] Scraping Nigeria Army Institute of Technology and Environmental Studies...
[562/873] Scraping Nigeria Army School Of Military Engineering, Makurdi...
[563/873] Scraping Nigeria Institute of Mining and Geoscience...
[564/873] Scraping Nigerian Air Force College of Nursing...
[565/873] Scraping Nigerian Army College of Environmental Science and Technology...
[566/873] Scraping Nigerian Army College of Nursing and Midwifery...
[567/873] Scraping Nigerian Army School Of Finance And Administration...
[568/873] Scraping Nigerian College of Aviation Technology...
[569/873] Scraping Nigerian Institute Of Journalism, Ikeja...
[570/873] Scraping Nigerian Institution of Leather Technology and Science Technology...
Saved 570 institutions to nigerian_tertiary_master.json
[571/873] Scraping Nigerian Navy of Finance And Logistics College...
[572/873] Scraping Nigerian Navy School of Health Science, Offa...
[573/873] Scraping NIIT...
[574/873] Scraping NKST College of Health Technology...
[575/873] Scraping Nnamdi Azikiwe University Teaching Hospital...
[576/873] Scraping Nogak Polytechnic...
[577/873] Scraping Novelty Polytechnic...
[578/873] Scraping Nuhu Bamalli polytechnic...
[579/873] Scraping OAK Business School, River View Estate...
[580/873] Scraping Obafemi Awolowo University Teaching Hospital Complex...
Saved 580 institutions to nigerian_tertiary_master.json
[581/873] Scraping Ogun State College of Health Technology...
[582/873] Scraping Ogun State Institute of Technology...
[583/873] Scraping Ondo State School of Health Technology...
[584/873] Scraping Osun State College of Technology...
[585/873] Scraping Osun State polytechnic...
[586/873] Scraping Osun State School Of Health Technology...
[587/873] Scraping Our Saviour Institute of Science, Agric. & Tech....
[588/873] Scraping Oyo State College Of Agriculture...
[589/873] Scraping Oyo State College Of Health Sciences And Technology, Eleyele Ibadan...
[590/873] Scraping Petroleum Training Institute...
Saved 590 institutions to nigerian_tertiary_master.json
[591/873] Scraping Plateau State College Of Agriculture, Garkawa...
[592/873] Scraping Plateau State Polytechnic...
[593/873] Scraping POGIL College of Health Technology...
[594/873] Scraping Polytechnic Of Sokoto...
[595/873] Scraping Port Harcourt Polytechnic, Rumuola...
[596/873] Scraping Prime Polytechnic...
[597/873] Scraping Ramat polytechnic...
[598/873] Scraping Redeemer’s College of Technology and Management...
[599/873] Scraping Rivers State College Of Arts And Science...
[600/873] Scraping Rivers State College Of Health Science And Technology...
Saved 600 institutions to nigerian_tertiary_master.json
[601/873] Scraping Rivers State polytechnic...
[602/873] Scraping Ronik Polytechnic...
[603/873] Scraping Rufus Giwa polytechnic...
[604/873] Scraping Samaru College Of Agriculture...
[605/873] Scraping School  of Health Information Management, University of Uyo Teaching Hospital...
[606/873] Scraping School Of Agriculture, Bauchi...
[607/873] Scraping School Of Agriculture, Ikorodu...
[608/873] Scraping School Of Biomedical Engineering, University of Benin Teaching Hospital...
[609/873] Scraping School of Biomedical Engineering, University of Lagos Teaching Hospital, Lagos...
[610/873] Scraping School of Biomedical Engineering, University of Maiduguri Teaching Hospital...
Saved 610 institutions to nigerian_tertiary_master.json
[611/873] Scraping School of Health Information Management (UCH-Ibadan)...
[612/873] Scraping School of Health Information Management, Lagos University Teaching Hospital...
[613/873] Scraping School of Health Information Management, UBTH...
[614/873] Scraping School Of Nursing, Wesley Guilds Hospital, Oauthc, Ilesa, Osun State...
[615/873] Scraping School Of Orthopedic Cast Technology Hospital Enugu...
[616/873] Scraping School Of Orthopedic Cast Technology Teaching Hospital Ilorin...
[617/873] Scraping School of Orthopedic Hospital...
[618/873] Scraping Shaka Momodu Polytechnic...
[619/873] Scraping Shehu Idris College Of Health Sci & Tech, Makarfi...
[620/873] Scraping Shehu Sule College Of Nursing And Midwifery Damaturu Yobe State...
Saved 620 institutions to nigerian_tertiary_master.json
[621/873] Scraping South Eastern College of Computer Engineering and Info. Tech....
[622/873] Scraping Southern Atlantic Polytechnic...
[623/873] Scraping Southern-nigeria Institute Of Innovative Technology...
[624/873] Scraping Speedway Polytechnic...
[625/873] Scraping St. Mary Polytechnic...
[626/873] Scraping Stars Polytechnic, Agbedi-Atan...
[627/873] Scraping Sure Foundation Polytechnic...
[628/873] Scraping Taraba State Polytechnic...
[629/873] Scraping Temple-gate Polytechnic...
[630/873] Scraping The Mbanza Kongo Polytechnic...
Saved 630 institutions to nigerian_tertiary_master.json
[631/873] Scraping The Oke-Ogun Polytechnic, Saki...
[632/873] Scraping The Polytechnic Adoka...
[633/873] Scraping The Polytechnic Igbo-Owu...
[634/873] Scraping The polytechnic, Ibadan...
[635/873] Scraping The Polytechnic, Ile-Ife...
