Fetching faculty names from brochure index...
Scraping institutions index...
Found 873 institutions.
Scraping a sample of 873 institutions...
Deep diving into courses for A.D Rufa'i College for Legal and Islamic Studies (AFFL TO BAYERO UNI. KANO)...
Done with A.D Rufa'i College for Legal and Islamic Studies (AFFL TO BAYERO UNI. KANO).
Deep diving into courses for Abia State University...
Done with Abia State University.
Deep diving into courses for Abubakar Tafawa Balewa University...
Done with Abubakar Tafawa Balewa University.
Deep diving into courses for Abubakar Tatari Ali Polytechnic- DEG (Affliated to ATBU Bauchi State)...
Done with Abubakar Tatari Ali Polytechnic- DEG (Affliated to ATBU Bauchi State).
Deep diving into courses for Achievers University...
Done with Achievers University.
Deep diving into courses for Adamawa State Polytechnic, Yola (Affliated to University Of Maiduguri)...
Done with Adamawa State Polytechnic, Yola (Affliated to University Of Maiduguri).
Deep diving into courses for Adamawa State University...
Done with Adamawa State University.
Deep diving into courses for Adekunle Ajasin University...
(node:52045) MaxListenersExceededWarning: Possible EventEmitter memory leak detected. 11 error listeners added to [TLSSocket]. MaxListeners is 10. Use emitter.setMaxListeners() to increase limit
(Use `node --trace-warnings ...` to show where the warning was created)
Done with Adekunle Ajasin University.
Deep diving into courses for Adeleke University, Ede...
Done with Adeleke University, Ede.
Deep diving into courses for Adeniran Ogunsanya College of Education (Affliate to Ekiti State University)...
Done with Adeniran Ogunsanya College of Education (Affliate to Ekiti State University).
Deep diving into courses for Adeyemi College Of Education, Ondo(Affliated to OAU, Ile-Ife)...
Done with Adeyemi College Of Education, Ondo(Affliated to OAU, Ile-Ife).
Deep diving into courses for Admiralty University of Nigeria...
Done with Admiralty University of Nigeria.
Deep diving into courses for Afe Babalola University...
Done with Afe Babalola University.
Deep diving into courses for Ahmadu Bello University...
Done with Ahmadu Bello University.
Deep diving into courses for Ahman Pategi University, Patigi....
Done with Ahman Pategi University, Patigi..
Deep diving into courses for Air Force Institute Of Technology - DEG...
Done with Air Force Institute Of Technology - DEG.
Deep diving into courses for Ajayi Crowther University...
Done with Ajayi Crowther University.
Deep diving into courses for Akwa Ibom State College of Education(Affliated to University of Uyo)...
Done with Akwa Ibom State College of Education(Affliated to University of Uyo).
Deep diving into courses for Akwa Ibom State University...
Done with Akwa Ibom State University.
Deep diving into courses for Al-Hikmah University...
Done with Al-Hikmah University.
Deep diving into courses for Al-Qalam University, Katsina...
Done with Al-Qalam University, Katsina.
Deep diving into courses for Alvan Ikoku Federal College Of Education (Affliated to University of Nigeria Nsukka)...
Done with Alvan Ikoku Federal College Of Education (Affliated to University of Nigeria Nsukka).
Deep diving into courses for Alvan Ikoku University Of Education...
Done with Alvan Ikoku University Of Education.
Deep diving into courses for Ambrose Alli University...
Done with Ambrose Alli University.
Deep diving into courses for American University of Nigeria...
Done with American University of Nigeria.
Deep diving into courses for Anchor University...
Done with Anchor University.
Deep diving into courses for Archbishop Vining College of Theology	(Affiliated to University of Ibadan)...
Done with Archbishop Vining College of Theology	(Affiliated to University of Ibadan).
Deep diving into courses for Arthur Jarvis University...
Done with Arthur Jarvis University.
Deep diving into courses for Atiba University, Oyo...
Done with Atiba University, Oyo.
Deep diving into courses for Auchi Polytechnic, Edo State (Affiliated to Nnamdi  Azikiwe University, Awka)...
Done with Auchi Polytechnic, Edo State (Affiliated to Nnamdi  Azikiwe University, Awka).
Deep diving into courses for Augustine University...
Done with Augustine University.
Deep diving into courses for Ave Maria University...
Done with Ave Maria University.
Deep diving into courses for Babcock University...
Done with Babcock University.
Deep diving into courses for Bamidele Olumilua University Of Education, Science and Technology....
Done with Bamidele Olumilua University Of Education, Science and Technology..
Deep diving into courses for Baptist College of Theology, Benin (Affiliated to Ambrose Alli University)...
Done with Baptist College of Theology, Benin (Affiliated to Ambrose Alli University).
Deep diving into courses for Baptist College of Theology, Obinze, Owerri (Affiliated to University of Por-Harcourt)...
Done with Baptist College of Theology, Obinze, Owerri (Affiliated to University of Por-Harcourt).
Deep diving into courses for Bauchi State University...
Done with Bauchi State University.
Deep diving into courses for Bayelsa Medical University...
Done with Bayelsa Medical University.
Deep diving into courses for Bayero University Kano...
Done with Bayero University Kano.
Deep diving into courses for Baze University...
Done with Baze University.
Deep diving into courses for Bells University of Technology...
Done with Bells University of Technology.
Deep diving into courses for Benson Idahosa University...
Done with Benson Idahosa University.
Deep diving into courses for Benue State University...
Done with Benue State University.
Deep diving into courses for Bigard Memorial Seminary, Enugu (Affiliated to University of Ibadan)...
Done with Bigard Memorial Seminary, Enugu (Affiliated to University of Ibadan).
Deep diving into courses for Bingham University...
Done with Bingham University.
Deep diving into courses for Borno State University...
Done with Borno State University.
Deep diving into courses for Bowen University...
Done with Bowen University.
Deep diving into courses for Bukar Abba Ibrahim University...
Done with Bukar Abba Ibrahim University.
Deep diving into courses for Caleb University...
Done with Caleb University.
Deep diving into courses for Calvary College of Theology, Port Harcourt (Affiliated to University of Calaba...
Done with Calvary College of Theology, Port Harcourt (Affiliated to University of Calaba.
Deep diving into courses for Capital City University, Warawa, Kano...
Done with Capital City University, Warawa, Kano.
Deep diving into courses for Caritas University...
Done with Caritas University.
Deep diving into courses for Catholic Institute of West Africa, Port Harcourt (Affiliated to University of Calabar)...
Done with Catholic Institute of West Africa, Port Harcourt (Affiliated to University of Calabar).
Deep diving into courses for Catholic University of Nigeria...
Done with Catholic University of Nigeria.
Deep diving into courses for Cetep University...
Done with Cetep University.
Deep diving into courses for Chrisland University...
Done with Chrisland University.
Deep diving into courses for Christopher University...
Done with Christopher University.
Deep diving into courses for Chukwuemeka Odumegwu Ojukwu University (former ANSU)...
Done with Chukwuemeka Odumegwu Ojukwu University (former ANSU).
Deep diving into courses for Claretian University Nekede, Imo State (Formerly Claretain Institute of Philosophy)...
Done with Claretian University Nekede, Imo State (Formerly Claretain Institute of Philosophy).
Deep diving into courses for Clifford University...
Done with Clifford University.
Deep diving into courses for Coal City University...
Done with Coal City University.
Deep diving into courses for College of Arabic and Islamic Legal Studies, Ilorin (Affiliated to Bayero University)...
Done with College of Arabic and Islamic Legal Studies, Ilorin (Affiliated to Bayero University).
Deep diving into courses for College of Education, Agbor (Affiliated to Delta State University, Abraka)...
Done with College of Education, Agbor (Affiliated to Delta State University, Abraka).
Deep diving into courses for College Of Education, Akwanga (Affiliated to Ahmadu Bello University Zaria)...
Done with College Of Education, Akwanga (Affiliated to Ahmadu Bello University Zaria).
Deep diving into courses for College Of Education, Ankpa (Affiliated to ATBU, Bauchi)...
Done with College Of Education, Ankpa (Affiliated to ATBU, Bauchi).
Deep diving into courses for College Of Education, Azare (Affiliated to University of Maiduguri)...
Done with College Of Education, Azare (Affiliated to University of Maiduguri).
Deep diving into courses for College Of Education, Gidan-waya, Kafanchan (Affiliated to ABU)...
Done with College Of Education, Gidan-waya, Kafanchan (Affiliated to ABU).
Deep diving into courses for College Of Education, Hong  (Affiliated to Ahmadu Bello University)...
Done with College Of Education, Hong  (Affiliated to Ahmadu Bello University).
Deep diving into courses for College Of Education, Ikere  (Affiliated to University of Nigeria, Nsukka)...
Done with College Of Education, Ikere  (Affiliated to University of Nigeria, Nsukka).
Deep diving into courses for College Of Education, Ilesa (Affiliated to University of Ibadan)...
Done with College Of Education, Ilesa (Affiliated to University of Ibadan).
Deep diving into courses for College Of Education, Katsina-ala (Affiliated to University of Calabar)...
Done with College Of Education, Katsina-ala (Affiliated to University of Calabar).
Deep diving into courses for College of Education, Mosogar (Affiliated to Delta State University, Abraka)...
Done with College of Education, Mosogar (Affiliated to Delta State University, Abraka).
Deep diving into courses for College Of Education, Oju - (Affiliated to Benue State University)...
Done with College Of Education, Oju - (Affiliated to Benue State University).
Deep diving into courses for College Of Education, Oro (Affiliated to Ekiti State University)...
Done with College Of Education, Oro (Affiliated to Ekiti State University).
Deep diving into courses for College Of Education, Waka-biu (Affiliated to University of Maiduguri)...
Done with College Of Education, Waka-biu (Affiliated to University of Maiduguri).
Deep diving into courses for College Of Education, Warri (Affiliated to Delta State University, Abraka)...
Done with College Of Education, Warri (Affiliated to Delta State University, Abraka).
Deep diving into courses for College Of Education, Warri (Affiliated to University Benin)...
Done with College Of Education, Warri (Affiliated to University Benin).
Deep diving into courses for College of Education, Zing (Affiliated to Ahmadu Bello University)...
Done with College of Education, Zing (Affiliated to Ahmadu Bello University).
Deep diving into courses for College of Seminary and Theology, Irri (Affiliated to Niger Delta University, Wilberforce Island)...
Done with College of Seminary and Theology, Irri (Affiliated to Niger Delta University, Wilberforce Island).
Deep diving into courses for Confluence University Of Science and Technology...
Done with Confluence University Of Science and Technology.
Deep diving into courses for Covenant University...
Done with Covenant University.
Deep diving into courses for Crawford University...
Done with Crawford University.
Deep diving into courses for Crescent University...
Done with Crescent University.
Deep diving into courses for Cross River State College Of Education (Affiliated to University of Calabar)...
Done with Cross River State College Of Education (Affiliated to University of Calabar).
Deep diving into courses for Crown-Hill University...
Done with Crown-Hill University.
Deep diving into courses for David Nweze Umahi University of Medical Sciences...
Done with David Nweze Umahi University of Medical Sciences.
Deep diving into courses for Delta State College Of Physical Education (Affiliated to University of Benin)...
Done with Delta State College Of Physical Education (Affiliated to University of Benin).
Deep diving into courses for Delta State University Of Science And Technology...
Done with Delta State University Of Science And Technology.
Deep diving into courses for Delta State University, Abraka...
Done with Delta State University, Abraka.
Deep diving into courses for Dennis Osadebay University, Anwai (formely Delta State University Anwai campus)...
Done with Dennis Osadebay University, Anwai (formely Delta State University Anwai campus).
Deep diving into courses for Distance Learning Centre, Ahmadu Bello University...
Done with Distance Learning Centre, Ahmadu Bello University.
Deep diving into courses for Dominican University, Ibadan...
Done with Dominican University, Ibadan.
Deep diving into courses for Dominion University...
Done with Dominion University.
Deep diving into courses for E-LEARNING NOUN...
Done with E-LEARNING NOUN.
Deep diving into courses for E-LEARNING UDUSOK...
Done with E-LEARNING UDUSOK.
Deep diving into courses for E-LEARNING UNILAG...
Done with E-LEARNING UNILAG.
Deep diving into courses for E-Learning UNIMAID...
Done with E-Learning UNIMAID.
Deep diving into courses for E-LEARNING UNIUYO...
Done with E-LEARNING UNIUYO.
Deep diving into courses for Eastern Palm University...
Done with Eastern Palm University.
Deep diving into courses for Ebonyi State College of Education, Ikwo (Affiliated to EBSU)...
Done with Ebonyi State College of Education, Ikwo (Affiliated to EBSU).
Deep diving into courses for Ebonyi State University...
Done with Ebonyi State University.
Deep diving into courses for ECWA Theological Seminary, Igbaja (Affiliated to University of Ibadan)...
Done with ECWA Theological Seminary, Igbaja (Affiliated to University of Ibadan).
Deep diving into courses for Edo State University Uzairue (Formerly Edo University Iyamho)...
Done with Edo State University Uzairue (Formerly Edo University Iyamho).
Deep diving into courses for Edwin Clark University...
Done with Edwin Clark University.
Deep diving into courses for Ekiti State University...
Done with Ekiti State University.
Deep diving into courses for Eko University of Medicine and Health Sciences...
Done with Eko University of Medicine and Health Sciences.
Deep diving into courses for Elizade University...
Done with Elizade University.
Deep diving into courses for Emirates College Of Health Science And Technology  (Affiliated to KWASU)...
Done with Emirates College Of Health Science And Technology  (Affiliated to KWASU).
Deep diving into courses for Enugu State College Of Education, Technical	(Affiliated to Nnamdi Azikiwe University)...
Done with Enugu State College Of Education, Technical	(Affiliated to Nnamdi Azikiwe University).
Deep diving into courses for Enugu State University Of Science And Technology...
Done with Enugu State University Of Science And Technology.
Deep diving into courses for Essien Ukpabia Presbyterian Theological College, Itu, Akwa Ibom State...
Done with Essien Ukpabia Presbyterian Theological College, Itu, Akwa Ibom State.
Deep diving into courses for Evangel University...
Done with Evangel University.
Deep diving into courses for FCT College Of Education, Zuba (Affiliated to Ahmadu Bello University)...
Done with FCT College Of Education, Zuba (Affiliated to Ahmadu Bello University).
Deep diving into courses for Federal College Of Animal Health & Production Tech, Vom (Affiliated to Abubakar Tafawa Balewa Uni)...
Done with Federal College Of Animal Health & Production Tech, Vom (Affiliated to Abubakar Tafawa Balewa Uni).
Deep diving into courses for Federal College of Dental Technology and Therapy (Affiliated to FUTO)...
Done with Federal College of Dental Technology and Therapy (Affiliated to FUTO).
Deep diving into courses for Federal College Of Education (Special), Oyo-  DEG...
Done with Federal College Of Education (Special), Oyo-  DEG.
Deep diving into courses for Federal College Of Education (Technical) Akoka- (Affiliated to UNIBEN)...
Done with Federal College Of Education (Technical) Akoka- (Affiliated to UNIBEN).
Deep diving into courses for Federal College Of Education (Technical) Gusau (Affiliated to Ahmadu Bello University)...
Done with Federal College Of Education (Technical) Gusau (Affiliated to Ahmadu Bello University).
Deep diving into courses for Federal College Of Education (Technical) Gusau (Affiliated to FUTMINNA)...
Done with Federal College Of Education (Technical) Gusau (Affiliated to FUTMINNA).
Deep diving into courses for Federal College Of Education (Technical) Omoku (Affiliated to University of Uyo)...
Done with Federal College Of Education (Technical) Omoku (Affiliated to University of Uyo).
Deep diving into courses for Federal College of Education (Technical) Potiskum (Affiliated to Abubakar Tafawa Balewa University)...
Done with Federal College of Education (Technical) Potiskum (Affiliated to Abubakar Tafawa Balewa University).
Deep diving into courses for Federal College Of Education (Technical) Umunze	- DEG...
Done with Federal College Of Education (Technical) Umunze	- DEG.
Deep diving into courses for Federal College of Education (Technical), Asaba (Affiliated to UNIBEN)...
Done with Federal College of Education (Technical), Asaba (Affiliated to UNIBEN).
Deep diving into courses for Federal College Of Education (Technical), Gombe	(Affiliated to Abubakar Tafawa Balewa University)...
Done with Federal College Of Education (Technical), Gombe	(Affiliated to Abubakar Tafawa Balewa University).
Deep diving into courses for Federal College Of Education Abeokuta	(Affiliated to University of Ibadan)...
Done with Federal College Of Education Abeokuta	(Affiliated to University of Ibadan).
Deep diving into courses for Federal College Of Education Katsina (Affiliated to Bayero University)...
Done with Federal College Of Education Katsina (Affiliated to Bayero University).
Deep diving into courses for Federal college of Education Kontagora	 (Affiliated to Amadu Bello university)...
Done with Federal college of Education Kontagora	 (Affiliated to Amadu Bello university).
Deep diving into courses for Federal College Of Education Obudu (Affiliated to University of Calabar)...
Done with Federal College Of Education Obudu (Affiliated to University of Calabar).
Deep diving into courses for Federal College Of Education Okene (Affiliated to University of Ibadan)...
Done with Federal College Of Education Okene (Affiliated to University of Ibadan).
Deep diving into courses for Federal College Of Education Yola	(Affiliated to UNIMAID)...
Done with Federal College Of Education Yola	(Affiliated to UNIMAID).
Deep diving into courses for Federal College Of Education Zaria (Affiliated to Ahmadu Bello University)...
Done with Federal College Of Education Zaria (Affiliated to Ahmadu Bello University).
Deep diving into courses for Federal College Of Education, Eha-amufu (Affiliated to University of Nigeria, Nsukka)...
Done with Federal College Of Education, Eha-amufu (Affiliated to University of Nigeria, Nsukka).
Deep diving into courses for Federal College Of Education, Kano (Affiliated to Ahmadu Bello University)...
Done with Federal College Of Education, Kano (Affiliated to Ahmadu Bello University).
Deep diving into courses for Federal College of Education, Pankshin (Affiliated to University of Jos)...
Done with Federal College of Education, Pankshin (Affiliated to University of Jos).
Deep diving into courses for Federal Polytechnic Ado-Ekiti	(Affiliated to FUTMINNA)...
Done with Federal Polytechnic Ado-Ekiti	(Affiliated to FUTMINNA).
Deep diving into courses for Federal Polytechnic Bauchi (Affiliated to Abubakar Tafawa Balewa University)...
Done with Federal Polytechnic Bauchi (Affiliated to Abubakar Tafawa Balewa University).
Deep diving into courses for Federal Polytechnic, Bida (Affiliated to FUTMINNA)...
Done with Federal Polytechnic, Bida (Affiliated to FUTMINNA).
Deep diving into courses for Federal Polytechnic, Offa, Kwara (Affiliated to FUTMINNA)...
Done with Federal Polytechnic, Offa, Kwara (Affiliated to FUTMINNA).
Deep diving into courses for Federal University Gashua...
Done with Federal University Gashua.
Deep diving into courses for Federal University Gusau...
Done with Federal University Gusau.
Deep diving into courses for Federal University of Agriculture, Abeokuta...
Done with Federal University of Agriculture, Abeokuta.
Deep diving into courses for Federal University Of Agriculture, Makurdi...
Done with Federal University Of Agriculture, Makurdi.
Deep diving into courses for Federal University Of Agriculture, Zuru, Kebbi...
Done with Federal University Of Agriculture, Zuru, Kebbi.
Deep diving into courses for Federal University of Petroleum Resource...
Done with Federal University of Petroleum Resource.
Deep diving into courses for Federal University of Technology Akure...
Done with Federal University of Technology Akure.
Deep diving into courses for Federal University of Technology Minna...
Done with Federal University of Technology Minna.
Deep diving into courses for Federal University of Technology, Owerri...
Done with Federal University of Technology, Owerri.
Deep diving into courses for Federal University, Birnin Kebbi...
Done with Federal University, Birnin Kebbi.
Deep diving into courses for Federal University, Dutse...
Done with Federal University, Dutse.
Deep diving into courses for Federal University, Dutsin-ma...
Done with Federal University, Dutsin-ma.
Deep diving into courses for Federal University, Kashere...
Done with Federal University, Kashere.
Deep diving into courses for Federal University, Lafia...
Done with Federal University, Lafia.
Deep diving into courses for Federal University, Lokoja...
Done with Federal University, Lokoja.
Deep diving into courses for Federal University, Ndufu-alike...
Done with Federal University, Ndufu-alike.
Deep diving into courses for Federal University, Otuoke...
Done with Federal University, Otuoke.
Deep diving into courses for Federal University, Oye-ekiti...
Done with Federal University, Oye-ekiti.
Deep diving into courses for Federal University, Wukari...
Done with Federal University, Wukari.
Deep diving into courses for First Technical University, Ibadan...
Done with First Technical University, Ibadan.
Deep diving into courses for Fountain University...
Done with Fountain University.
Deep diving into courses for Godfrey Okoye University...
Done with Godfrey Okoye University.
Deep diving into courses for Gombe State university...
Done with Gombe State university.
Deep diving into courses for Gombe State University of Science and Technology...
Done with Gombe State University of Science and Technology.
Deep diving into courses for Greenfield University, Kaduna...
Done with Greenfield University, Kaduna.
Deep diving into courses for Gregory University, Uturu...
Done with Gregory University, Uturu.
Deep diving into courses for Hallmark University...
Done with Hallmark University.
Deep diving into courses for Hassan Usman Katsina Polytechnic (Affiliated to FUTMINNA)...
Done with Hassan Usman Katsina Polytechnic (Affiliated to FUTMINNA).
Deep diving into courses for Havilla University, Nde-Ikom, Cross River...
Done with Havilla University, Nde-Ikom, Cross River.
Deep diving into courses for Hezekiah University...
Done with Hezekiah University.
Deep diving into courses for Ibrahim Badamasi Babangida University...
Done with Ibrahim Badamasi Babangida University.
Deep diving into courses for Igbinedion University...
Done with Igbinedion University.
Deep diving into courses for Ignatius Ajuru University...
Done with Ignatius Ajuru University.
Deep diving into courses for Immanuel College of Technology and Christian Education , Samonda, Ibadan...
Done with Immanuel College of Technology and Christian Education , Samonda, Ibadan.
Deep diving into courses for Immanuel College of Technology and Christian Education , Samonda, Ibadan (Affiliated to University o...
Done with Immanuel College of Technology and Christian Education , Samonda, Ibadan (Affiliated to University o.
Deep diving into courses for Imo State University...
Done with Imo State University.
Deep diving into courses for Institute of Management and Technology Enugu (Affiliated to University of Nigeria)...
Done with Institute of Management and Technology Enugu (Affiliated to University of Nigeria).
Deep diving into courses for International Institute Of Tourism And Hospitality, Yenagoa...
Done with International Institute Of Tourism And Hospitality, Yenagoa.
Deep diving into courses for Isa Kaita College of Education, Dutsinma (Affiliate to Ahmadu Bello University)...
Done with Isa Kaita College of Education, Dutsinma (Affiliate to Ahmadu Bello University).
Deep diving into courses for Isaac Jasper Boro College of Education (Affiliated to Niger Delta University)...
Done with Isaac Jasper Boro College of Education (Affiliated to Niger Delta University).
Deep diving into courses for Jigawa State College Of Education, Gumel (Affiliated to Bayero University)...
Done with Jigawa State College Of Education, Gumel (Affiliated to Bayero University).
Deep diving into courses for Joseph Ayo Babalola University...
Done with Joseph Ayo Babalola University.
Deep diving into courses for Kaduna Polytechnic, Kaduna (Affiliated to FUTMINNA)...
Done with Kaduna Polytechnic, Kaduna (Affiliated to FUTMINNA).
Deep diving into courses for Kaduna Polytechnic, Tunda (Affiliated to Ahmadu Bello University)...
Done with Kaduna Polytechnic, Tunda (Affiliated to Ahmadu Bello University).
Deep diving into courses for Kaduna State university...
Done with Kaduna State university.
Deep diving into courses for Kano University Of Science And Technology...
Done with Kano University Of Science And Technology.
Deep diving into courses for Karl Kumm University, Vom, Plateau State...
Done with Karl Kumm University, Vom, Plateau State.
Deep diving into courses for Kashim-ibrahim College Of Education, Maiduguri (Affiliated to UNIMAID)...
Done with Kashim-ibrahim College Of Education, Maiduguri (Affiliated to UNIMAID).
Deep diving into courses for Katsina University...
Done with Katsina University.
Deep diving into courses for Kebbi State University Of Science And Technology...
Done with Kebbi State University Of Science And Technology.
Deep diving into courses for Khadija University, Majia, Jigawa State...
Done with Khadija University, Majia, Jigawa State.
Deep diving into courses for Kings University...
Done with Kings University.
Deep diving into courses for kogi State University...
Done with kogi State University.
Deep diving into courses for KolaDaisi University...
Done with KolaDaisi University.
Deep diving into courses for Kwara State College Of Education (Technical), Lafiagi (Affiliated to Ahmadu Bello University)...
Done with Kwara State College Of Education (Technical), Lafiagi (Affiliated to Ahmadu Bello University).
Deep diving into courses for Kwara State College of Education, Ilorin...
Done with Kwara State College of Education, Ilorin.
Deep diving into courses for Kwara State University...
Done with Kwara State University.
Deep diving into courses for Kwararafa University...
Done with Kwararafa University.
Deep diving into courses for Ladoke Akintola University of Technology...
Done with Ladoke Akintola University of Technology.
Deep diving into courses for Lagos State University...
Done with Lagos State University.
Deep diving into courses for Lagos State University of Education (Formerly, Adeniran Ogunsanya College of Education)...
Done with Lagos State University of Education (Formerly, Adeniran Ogunsanya College of Education).
Deep diving into courses for Lagos State University of Education (Formerly, Michael Otedola College Of Primary Education)...
Done with Lagos State University of Education (Formerly, Michael Otedola College Of Primary Education).
Deep diving into courses for Lagos State University of Science and Technology (Formerly, Lagos State Polytechnic)...
Done with Lagos State University of Science and Technology (Formerly, Lagos State Polytechnic).
Deep diving into courses for Land Mark Polytechnic...
Done with Land Mark Polytechnic.
Deep diving into courses for Landmark University...
Done with Landmark University.
Deep diving into courses for Lapo Institute For Microfinance And Enterprise Development, Benin...
Done with Lapo Institute For Microfinance And Enterprise Development, Benin.
Deep diving into courses for Lead City University...
Done with Lead City University.
Deep diving into courses for Legacy University...
Done with Legacy University.
Deep diving into courses for Life Theological Seminary...
Done with Life Theological Seminary.
Deep diving into courses for Madonna University...
Done with Madonna University.
Deep diving into courses for Maranatha University...
Done with Maranatha University.
Deep diving into courses for Maryam Abacha, American University of Nigeria...
Done with Maryam Abacha, American University of Nigeria.
Deep diving into courses for McPherson University...
Done with McPherson University.
Deep diving into courses for Methodist Theological Institute, Umuahia...
Done with Methodist Theological Institute, Umuahia.
Deep diving into courses for Mewar University Nigeria...
Done with Mewar University Nigeria.
Deep diving into courses for Michael Imodu National Institute for Labour Studies (Affiliated to University of Ilorin...
Done with Michael Imodu National Institute for Labour Studies (Affiliated to University of Ilorin.
Deep diving into courses for Michael Okpara University of Agriculture, Umudike...
Done with Michael Okpara University of Agriculture, Umudike.
Deep diving into courses for Michael Otedola College Of Primary Education, Moforiji (Affiliated to University of Ibadan)...
Done with Michael Otedola College Of Primary Education, Moforiji (Affiliated to University of Ibadan).
Deep diving into courses for Micheal and Cecilia Ibru University...
Done with Micheal and Cecilia Ibru University.
Deep diving into courses for Modibbo Adama University of Technology...
Done with Modibbo Adama University of Technology.
Deep diving into courses for Mountain Top University...
Done with Mountain Top University.
Deep diving into courses for Mudiame University...
Done with Mudiame University.
Deep diving into courses for Nasarawa State University...
Done with Nasarawa State University.
Deep diving into courses for National Film Institute...
Done with National Film Institute.
Deep diving into courses for National Film Institute (Affiliated to University of Jos)...
Done with National Film Institute (Affiliated to University of Jos).
Deep diving into courses for National Missionary Seminary of St-Paul, Gwagwalada...
Done with National Missionary Seminary of St-Paul, Gwagwalada.
Deep diving into courses for National Open University of  Nigeria...
Done with National Open University of  Nigeria.
Deep diving into courses for National Teachers Institute, Kaduna...
Done with National Teachers Institute, Kaduna.
Deep diving into courses for New Gate College of Health Technology...
Done with New Gate College of Health Technology.
Deep diving into courses for Niger Delta University...
Done with Niger Delta University.
Deep diving into courses for Niger State College of Education, Minna (Affiliated to Ahmadu Bello University)...
Done with Niger State College of Education, Minna (Affiliated to Ahmadu Bello University).
Deep diving into courses for Niger State College of Education, Minna (Affiliated to Usman Danfodiyo University)...
Done with Niger State College of Education, Minna (Affiliated to Usman Danfodiyo University).
Deep diving into courses for Nigeria Baptist Theological Seminary, Ogbomosho...
Done with Nigeria Baptist Theological Seminary, Ogbomosho.
Deep diving into courses for Nigeria Police Academy...
Done with Nigeria Police Academy.
Deep diving into courses for Nigerian Army School of Education (Affiliated to Tai Solarin University of Education)...
Done with Nigerian Army School of Education (Affiliated to Tai Solarin University of Education).
Deep diving into courses for Nigerian Army University, Borno...
Done with Nigerian Army University, Borno.
Deep diving into courses for Nigerian Christian Bible College, Ukpom...
Done with Nigerian Christian Bible College, Ukpom.
Deep diving into courses for Nigerian Defence Academy...
Done with Nigerian Defence Academy.
Deep diving into courses for Nigerian Maritime University...
Done with Nigerian Maritime University.
Deep diving into courses for Nigerian Police Academy, Wudil, Kano State...
Done with Nigerian Police Academy, Wudil, Kano State.
Deep diving into courses for Nigerian Television Authority Television College...
Done with Nigerian Television Authority Television College.
Deep diving into courses for Nile University of Nigeria...
Done with Nile University of Nigeria.
Deep diving into courses for Nnamdi Azikiwe University...
Done with Nnamdi Azikiwe University.
Deep diving into courses for Nok University, Kachia, Kaduna State...
Done with Nok University, Kachia, Kaduna State.
Deep diving into courses for Northwest University, Kano (Now Yusuf Maitama Sule University)...
Done with Northwest University, Kano (Now Yusuf Maitama Sule University).
Deep diving into courses for Novena University...
Done with Novena University.
Deep diving into courses for Nwafor Orizu College Of Education, Nsugbe ( University of Nigeria Nsukka)...
Done with Nwafor Orizu College Of Education, Nsugbe ( University of Nigeria Nsukka).
Deep diving into courses for Obafemi Awolowo University...
Done with Obafemi Awolowo University.
Deep diving into courses for Obong University...
Done with Obong University.
Deep diving into courses for Oduduwa University...
Done with Oduduwa University.
Deep diving into courses for Olabisi Onabanjo University...
Done with Olabisi Onabanjo University.
Deep diving into courses for Olusegun Agagu University of Science and Technology (Formerly Ondo State University of Science and T...
Done with Olusegun Agagu University of Science and Technology (Formerly Ondo State University of Science and T.
Deep diving into courses for Osun State College Of Education, Ila-orangun (Affiliated to Ekiti State University)...
Done with Osun State College Of Education, Ila-orangun (Affiliated to Ekiti State University).
Deep diving into courses for Osun State University...
Done with Osun State University.
Deep diving into courses for Pamo University of Medical Sciences...
Done with Pamo University of Medical Sciences.
Deep diving into courses for Pan-Atlantic University...
Done with Pan-Atlantic University.
Deep diving into courses for Paul University...
Done with Paul University.
Deep diving into courses for Philomath University, Kuje...
Done with Philomath University, Kuje.
Deep diving into courses for Plateau State University...
Done with Plateau State University.
Deep diving into courses for Pope John Major Seminary, Okpun, Awka...
Done with Pope John Major Seminary, Okpun, Awka.
Deep diving into courses for Precious Cornerstone University...
Done with Precious Cornerstone University.
Deep diving into courses for Redeemer's University...
Done with Redeemer's University.
Deep diving into courses for Renaissance University...
Done with Renaissance University.
Deep diving into courses for Rhema University...
Done with Rhema University.
Deep diving into courses for Ritman University...
Done with Ritman University.
Deep diving into courses for Rivers State University...
Done with Rivers State University.
Deep diving into courses for Saadatu Rimi College of Education, Kumbotso (Affiliated to Ahmadu Bello University)...
Done with Saadatu Rimi College of Education, Kumbotso (Affiliated to Ahmadu Bello University).
Deep diving into courses for Saadatu Rimi College of Education, Kumbotso (Affiliated to Bayero University)...
Done with Saadatu Rimi College of Education, Kumbotso (Affiliated to Bayero University).
Deep diving into courses for SAF Polytechnic Iseyin...
Done with SAF Polytechnic Iseyin.
Deep diving into courses for Salem University...
Done with Salem University.
Deep diving into courses for Samuel Adegboyega University...
Done with Samuel Adegboyega University.
Deep diving into courses for Savannah Institute Of Technology (Affiliated to Federal University, Wukari)...
Done with Savannah Institute Of Technology (Affiliated to Federal University, Wukari).
Deep diving into courses for Seat of Wisdom Seminary, Owerri (Affiliated to IMSU)...
Done with Seat of Wisdom Seminary, Owerri (Affiliated to IMSU).
Deep diving into courses for Seminary of All Saints, Uhiele, Ekpoma (Affiliated to UNIBEN)...
Done with Seminary of All Saints, Uhiele, Ekpoma (Affiliated to UNIBEN).
Deep diving into courses for Shehu Shagari College of Education (Affl to Ahmadu Bello University, Zaria)...
Done with Shehu Shagari College of Education (Affl to Ahmadu Bello University, Zaria).
Deep diving into courses for Shehu Shagari College of Education (Affl to Usman Dan-Fodio University, Sokoto)...
Done with Shehu Shagari College of Education (Affl to Usman Dan-Fodio University, Sokoto).
Deep diving into courses for Sheik Ibrahim El-Tayeb Institute, Kano (Affiliated to Bayero University)...
Done with Sheik Ibrahim El-Tayeb Institute, Kano (Affiliated to Bayero University).
Deep diving into courses for Skyline University, Kano...
Done with Skyline University, Kano.
Deep diving into courses for Sokoto State University...
Done with Sokoto State University.
Deep diving into courses for SouthWestern University...
Done with SouthWestern University.
Deep diving into courses for Spiritan International School of Theology, Attakwu (Affiliated to University of Nigeria Nsukka)...
Done with Spiritan International School of Theology, Attakwu (Affiliated to University of Nigeria Nsukka).
Deep diving into courses for Spiritan School of Philosophy, Issienu Nsukka (Affiliated to University of Nigeria Nsukka)...
Done with Spiritan School of Philosophy, Issienu Nsukka (Affiliated to University of Nigeria Nsukka).
Deep diving into courses for Spiritan University...
Done with Spiritan University.
Deep diving into courses for St-Joseph Major Seminary, Ikot-Ekpene (Affiliated to University of Calabar)...
Done with St-Joseph Major Seminary, Ikot-Ekpene (Affiliated to University of Calabar).
Deep diving into courses for St. Albert Institute, Kafanchan (Affiliated to University of Jos)...
Done with St. Albert Institute, Kafanchan (Affiliated to University of Jos).
Deep diving into courses for ST. Albert the Great Major Seminary, Abeokuta (Affiliated to University of Benin)...
Done with ST. Albert the Great Major Seminary, Abeokuta (Affiliated to University of Benin).
Deep diving into courses for St. Augustine College Of Education, Yaba (Affiliated to University of Ibadan)...
Done with St. Augustine College Of Education, Yaba (Affiliated to University of Ibadan).
Deep diving into courses for St. Peter and Paul Seminary Bodija, Ibadan...
Done with St. Peter and Paul Seminary Bodija, Ibadan.
Deep diving into courses for Sule Lamido University (Former Jigawa State University)...
Done with Sule Lamido University (Former Jigawa State University).
Deep diving into courses for Summit University Offa...
Done with Summit University Offa.
Deep diving into courses for Tai Solarin College of Education, Ijebu-Ode (Affiliated to Olabisi Onabanjo University)...
Done with Tai Solarin College of Education, Ijebu-Ode (Affiliated to Olabisi Onabanjo University).
Deep diving into courses for Tai Solarin University of Education...
Done with Tai Solarin University of Education.
Deep diving into courses for Tansian University...
Done with Tansian University.
Deep diving into courses for Taraba State University...
Done with Taraba State University.
Deep diving into courses for The Apostolic Church Theological Seminary, Amumara...
Done with The Apostolic Church Theological Seminary, Amumara.
Deep diving into courses for The Federal University of Health Sciences , Otukpo...
Done with The Federal University of Health Sciences , Otukpo.
Deep diving into courses for The Global Polytechnic...
Done with The Global Polytechnic.
Deep diving into courses for The Samuel Bill Theological College, Abak...
Done with The Samuel Bill Theological College, Abak.
Deep diving into courses for The University of Africa, Toru-Orua...
Done with The University of Africa, Toru-Orua.
Deep diving into courses for The University of Agriculture and Environmental Sciences, Umuagwo...
Done with The University of Agriculture and Environmental Sciences, Umuagwo.
Deep diving into courses for The University Of Education, Ikere-Ekiti...
Done with The University Of Education, Ikere-Ekiti.
Deep diving into courses for Thomas Adewumi University, Oko-Irese,...
Done with Thomas Adewumi University, Oko-Irese,.
Deep diving into courses for Topfaith University, Mkpatak,...
Done with Topfaith University, Mkpatak,.
Deep diving into courses for Trinity University...
Done with Trinity University.
Deep diving into courses for Uma Ukpai School of Theology, Uyo (Affiliated to University of Uyo)...
Done with Uma Ukpai School of Theology, Uyo (Affiliated to University of Uyo).
Deep diving into courses for Umar Ibn Ibrahim El-Kanemi College Of Education, Science and Technology, Bama (Affl to UNIMAID)...
Done with Umar Ibn Ibrahim El-Kanemi College Of Education, Science and Technology, Bama (Affl to UNIMAID).
Deep diving into courses for Umar Suleiman College Of Education, Gashua (Affiliated to UNIMAID)...
Done with Umar Suleiman College Of Education, Gashua (Affiliated to UNIMAID).
Deep diving into courses for Umaru Musa Yar'adua University...
Done with Umaru Musa Yar'adua University.
Deep diving into courses for UMCA Theological College, Ilorin...
Done with UMCA Theological College, Ilorin.
Deep diving into courses for University of Abuja...
Done with University of Abuja.
Deep diving into courses for UNIVERSITY OF AFRICA,...
Done with UNIVERSITY OF AFRICA,.
Deep diving into courses for University of Benin...
Done with University of Benin.
Deep diving into courses for University of Calabar...
Done with University of Calabar.
Deep diving into courses for University of Cross River State (Formerly CRUTECH)...
Done with University of Cross River State (Formerly CRUTECH).
Deep diving into courses for University of Delta State Agbor...
Done with University of Delta State Agbor.
Deep diving into courses for University of Ibadan...
Done with University of Ibadan.
Deep diving into courses for University of Ilorin...
Done with University of Ilorin.
Deep diving into courses for University of Jos...
Done with University of Jos.
Deep diving into courses for University of Lagos...
Done with University of Lagos.
Deep diving into courses for University of Maiduguri...
Done with University of Maiduguri.
Deep diving into courses for University of Maiduguri Sandwich...
Done with University of Maiduguri Sandwich.
Deep diving into courses for University of Medical Sciences, Ondo State...
Done with University of Medical Sciences, Ondo State.
Deep diving into courses for University Of Mkar...
Done with University Of Mkar.
Deep diving into courses for University Of Nigeria Nsukka...
Done with University Of Nigeria Nsukka.
Deep diving into courses for University Of Offa...
Done with University Of Offa.
Deep diving into courses for University of Port-Harcourt...
Done with University of Port-Harcourt.
Deep diving into courses for University Of Science And Technology, Ifaki-ekiti...
Done with University Of Science And Technology, Ifaki-ekiti.
Deep diving into courses for University of Uyo...
Done with University of Uyo.
Deep diving into courses for Usman Dan Fodio University...
Done with Usman Dan Fodio University.
Deep diving into courses for Veritas University, Abuja...
Done with Veritas University, Abuja.
Deep diving into courses for Wellspring University...
Done with Wellspring University.
Deep diving into courses for Wesley University Of Science And Technology...
Done with Wesley University Of Science And Technology.
Deep diving into courses for West Africa Theological Seminary, Ipaja, Lagos...
Done with West Africa Theological Seminary, Ipaja, Lagos.
Deep diving into courses for Western Delta University...
Done with Western Delta University.
Deep diving into courses for Westland University...
Done with Westland University.
Deep diving into courses for World Harvest Bible College and Seminary, Calabar...
Done with World Harvest Bible College and Seminary, Calabar.
Deep diving into courses for Yobe State University...
Done with Yobe State University.
Deep diving into courses for Yusuf Maitama Sule University Kano...
Done with Yusuf Maitama Sule University Kano.
Deep diving into courses for Zamfara State University, Talata Mafara...
Done with Zamfara State University, Talata Mafara.
Deep diving into courses for A.D Rufa'i College of Education, Legal & General Studies (ND)...
Done with A.D Rufa'i College of Education, Legal & General Studies (ND).
Deep diving into courses for Abdu-gusau Polytechnic...
Done with Abdu-gusau Polytechnic.
Deep diving into courses for Abia State College of Health Sciences and Management Technology...
Done with Abia State College of Health Sciences and Management Technology.
Deep diving into courses for Abia State polytechnic...
Done with Abia State polytechnic.
Deep diving into courses for Abraham Adesanya Polytechnic...
Done with Abraham Adesanya Polytechnic.
Deep diving into courses for Abubakar Tatari Ali Polytechnic...
Done with Abubakar Tatari Ali Polytechnic.
Deep diving into courses for Abuja School of Pension and Requirement Planning...
Done with Abuja School of Pension and Requirement Planning.
Deep diving into courses for Adamawa State polytechnic...
Done with Adamawa State polytechnic.
Deep diving into courses for Adecom College of Business and Managemet...
Done with Adecom College of Business and Managemet.
Deep diving into courses for Adeseun Ogundoyin Polytechnic Formely The Ibarapa Polytechnic, Eruwa...
Done with Adeseun Ogundoyin Polytechnic Formely The Ibarapa Polytechnic, Eruwa.
Deep diving into courses for Aflon Digital Institute...
Done with Aflon Digital Institute.
Deep diving into courses for Afrihub Ict Institute...
Done with Afrihub Ict Institute.
Deep diving into courses for Ahmadu Bello University Teaching Hospital...
Done with Ahmadu Bello University Teaching Hospital.
Deep diving into courses for Air Force Institute of Technology, Kaduna...
Done with Air Force Institute of Technology, Kaduna.
Deep diving into courses for Ajayi Polytechnic...
Done with Ajayi Polytechnic.
Deep diving into courses for Akanu Ibiam Federal polytechnic...
Done with Akanu Ibiam Federal polytechnic.
Deep diving into courses for Akperan Orshi College Of Agriculture...
Done with Akperan Orshi College Of Agriculture.
Deep diving into courses for Akperan Orshi Polytechnic, Yandev...
Done with Akperan Orshi Polytechnic, Yandev.
Deep diving into courses for Akwa Ibom State College Of Arts And Science...
Done with Akwa Ibom State College Of Arts And Science.
Deep diving into courses for Akwa Ibom State polytechnic...
Done with Akwa Ibom State polytechnic.
Deep diving into courses for Al-Hikma Polytechnic...
Done with Al-Hikma Polytechnic.
Deep diving into courses for Allover central polytechnic...
Done with Allover central polytechnic.
Deep diving into courses for Ambassador College Of Management And Technology...
Done with Ambassador College Of Management And Technology.
Deep diving into courses for Ambassador College Of Technology And Paralegal Studies...
Done with Ambassador College Of Technology And Paralegal Studies.
Deep diving into courses for Aminu Dabo College of Health Sciences and Technology...
Done with Aminu Dabo College of Health Sciences and Technology.
Deep diving into courses for Aminu Kano Teaching Hospital...
Done with Aminu Kano Teaching Hospital.
Deep diving into courses for Anambra State College of Agriculture...
Done with Anambra State College of Agriculture.
Deep diving into courses for Anambra State College of Health Technology, Obosi...
Done with Anambra State College of Health Technology, Obosi.
Deep diving into courses for Anambra state polytechnic...
Done with Anambra state polytechnic.
Deep diving into courses for Arewa Paralegal Innovation Enterprise...
Done with Arewa Paralegal Innovation Enterprise.
Deep diving into courses for Ashi Polytechnic, Anyiin...
Done with Ashi Polytechnic, Anyiin.
Deep diving into courses for Auchi polytechnic...
Done with Auchi polytechnic.
Deep diving into courses for Audu Bako College Of Agriculture Danbatta...
Done with Audu Bako College Of Agriculture Danbatta.
Deep diving into courses for Bartholomew College of Health Technology...
Done with Bartholomew College of Health Technology.
Deep diving into courses for Bauchi College of Agriculture...
Done with Bauchi College of Agriculture.
Deep diving into courses for Bauchi State College Of Agriculture...
Done with Bauchi State College Of Agriculture.
Deep diving into courses for Bauchi State Institute of Education, Kangere...
Done with Bauchi State Institute of Education, Kangere.
Deep diving into courses for Bayelsa State College of Arts and Science...
Done with Bayelsa State College of Arts and Science.
Deep diving into courses for Bayelsa State Polytechnic, Aleibiri...
Done with Bayelsa State Polytechnic, Aleibiri.
Deep diving into courses for Bellarks Polytechnic Kwale...
Done with Bellarks Polytechnic Kwale.
Deep diving into courses for Benue State Poly...
Done with Benue State Poly.
Deep diving into courses for Best solution polytechnic...
Done with Best solution polytechnic.
Deep diving into courses for Binyaminu Usman College of Agriculture...
Done with Binyaminu Usman College of Agriculture.
Deep diving into courses for Bolmor Polytechnic...
Done with Bolmor Polytechnic.
Deep diving into courses for Buckingham Academy Of Management And Technology...
Done with Buckingham Academy Of Management And Technology.
Deep diving into courses for Business Education Examination Council...
Done with Business Education Examination Council.
Deep diving into courses for calvary polytechnic...
Done with calvary polytechnic.
Deep diving into courses for Centre For Creative Arts Education...
Done with Centre For Creative Arts Education.
Deep diving into courses for Charkin Maritime Academy, Port Harcourt...
Done with Charkin Maritime Academy, Port Harcourt.
Deep diving into courses for Cifman Institute Of Techn. & Management...
Done with Cifman Institute Of Techn. & Management.
Deep diving into courses for Citi Polytechnic, Abuja...
Done with Citi Polytechnic, Abuja.
Deep diving into courses for City Gate Institute Of Innovation And Technology...
Done with City Gate Institute Of Innovation And Technology.
Deep diving into courses for Coastal Polytechnic...
Done with Coastal Polytechnic.
Deep diving into courses for College Of Administrative And Business Studies...
Done with College Of Administrative And Business Studies.
Deep diving into courses for College Of Agriculture And Animal Science...
Done with College Of Agriculture And Animal Science.
Deep diving into courses for College of Agriculture and Animal Science, Bakura...
Done with College of Agriculture and Animal Science, Bakura.
Deep diving into courses for College Of Agriculture, Hadijia...
Done with College Of Agriculture, Hadijia.
Deep diving into courses for College Of Agriculture, Jalingo...
Done with College Of Agriculture, Jalingo.
Deep diving into courses for College Of Agriculture, Kabba...
Done with College Of Agriculture, Kabba.
Deep diving into courses for College Of Agriculture, Lafia...
Done with College Of Agriculture, Lafia.
Deep diving into courses for College Of Agriculture, Zuru...
Done with College Of Agriculture, Zuru.
Deep diving into courses for College of Business and Management Studies, Konduga...
Done with College of Business and Management Studies, Konduga.
Deep diving into courses for College Of Health Sciences And Technology...
Done with College Of Health Sciences And Technology.
Deep diving into courses for College Of Health Technology Ningi...
Done with College Of Health Technology Ningi.
Deep diving into courses for College of Health Technology, Calabar...
Done with College of Health Technology, Calabar.
Deep diving into courses for College of Health Technology, Zawan...
Done with College of Health Technology, Zawan.
Deep diving into courses for College of Technology, Iresi...
Done with College of Technology, Iresi.
Deep diving into courses for Covenant Polytechnic, Aba...
Done with Covenant Polytechnic, Aba.
Deep diving into courses for Cross River State Institute of Tech. and Management, Ugep...
Done with Cross River State Institute of Tech. and Management, Ugep.
Deep diving into courses for Crown Polytechnic...
Done with Crown Polytechnic.
Deep diving into courses for D.S Adegbenro ICT Polytechnic...
Done with D.S Adegbenro ICT Polytechnic.
Deep diving into courses for Dalewares Institute Of Technology...
Done with Dalewares Institute Of Technology.
Deep diving into courses for Delta State College Of Agriculture...
Done with Delta State College Of Agriculture.
Deep diving into courses for Delta State College Of Health Technology Ofuoma Ughelli...
Done with Delta State College Of Health Technology Ofuoma Ughelli.
Deep diving into courses for Delta State Polytechnic, Ogwashi-Uku...
Done with Delta State Polytechnic, Ogwashi-Uku.
Deep diving into courses for Delta State Polytechnic, Otefe-Oghara...
Done with Delta State Polytechnic, Otefe-Oghara.
Deep diving into courses for Delta State School of Marine Technology, Burutu...
Done with Delta State School of Marine Technology, Burutu.
Deep diving into courses for Diabo Paralegal Training Institute...
Done with Diabo Paralegal Training Institute.
Deep diving into courses for Dorben polytechnic...
Done with Dorben polytechnic.
Deep diving into courses for Dreamville Ltd (ladela School Abuja)...
Done with Dreamville Ltd (ladela School Abuja).
Deep diving into courses for Eastern Polytechnic...
Done with Eastern Polytechnic.
Deep diving into courses for Ed-John School Of Management, Ikorodu...
Done with Ed-John School Of Management, Ikorodu.
Deep diving into courses for Edo State College Of Agriculture...
Done with Edo State College Of Agriculture.
Deep diving into courses for Edo State Institute Of Technology And Management...
Done with Edo State Institute Of Technology And Management.
Deep diving into courses for Edo State Poly Usen...
Done with Edo State Poly Usen.
Deep diving into courses for Ekiti State College Of Agriculture And Technology, Isan-Ekiti...
Done with Ekiti State College Of Agriculture And Technology, Isan-Ekiti.
Deep diving into courses for Elechi Amadi Polytechnic...
Done with Elechi Amadi Polytechnic.
Deep diving into courses for Emirates College Of Health Science And Technology...
Done with Emirates College Of Health Science And Technology.
Deep diving into courses for Enugu State College of Agriculture...
Done with Enugu State College of Agriculture.
Deep diving into courses for Enugu state polytechnic...
Done with Enugu state polytechnic.
Deep diving into courses for Enville Institute of Management and Technology Polytechnic...
Done with Enville Institute of Management and Technology Polytechnic.
Deep diving into courses for Farmark Institute Of Employment And Creativity Kaduna...
Done with Farmark Institute Of Employment And Creativity Kaduna.
Deep diving into courses for Federal College of Agricultural Produce Technology...
Done with Federal College of Agricultural Produce Technology.
Deep diving into courses for Federal College of Agriculture, Ado-Ekiti/Owo...
Done with Federal College of Agriculture, Ado-Ekiti/Owo.
Deep diving into courses for Federal College Of Agriculture, Akure...
Done with Federal College Of Agriculture, Akure.
Deep diving into courses for Federal College Of Agriculture, Ishiagu...
Done with Federal College Of Agriculture, Ishiagu.
Deep diving into courses for Federal College Of Agriculture, Moor Plantation...
Done with Federal College Of Agriculture, Moor Plantation.
Deep diving into courses for Federal College Of Animal Health & Production Tech, Ibadan...
Done with Federal College Of Animal Health & Production Tech, Ibadan.
Deep diving into courses for Federal College Of Animal Health & Production Tech, Vom...
Done with Federal College Of Animal Health & Production Tech, Vom.
Deep diving into courses for Federal College Of Fisheries And Marine Technology...
Done with Federal College Of Fisheries And Marine Technology.
Deep diving into courses for Federal College Of Forestry Technology, Ibadan...
Done with Federal College Of Forestry Technology, Ibadan.
Deep diving into courses for Federal College Of Forestry, Jos...
Done with Federal College Of Forestry, Jos.
Deep diving into courses for Federal College Of Forestry, Mechanisation, Afaka...
Done with Federal College Of Forestry, Mechanisation, Afaka.
Deep diving into courses for Federal College Of Freshwater Fisheries Tech, Baga...
Done with Federal College Of Freshwater Fisheries Tech, Baga.
Deep diving into courses for Federal College Of Freshwater Fisheries Tech, New Bussa...
Done with Federal College Of Freshwater Fisheries Tech, New Bussa.
Deep diving into courses for Federal College Of Horticulture, Dadin Kowa...
Done with Federal College Of Horticulture, Dadin Kowa.
Deep diving into courses for Federal College Of Land Resources Technology, Kuru...
Done with Federal College Of Land Resources Technology, Kuru.
Deep diving into courses for Federal College Of Land Resources Technology, Owerri...
Done with Federal College Of Land Resources Technology, Owerri.
Deep diving into courses for Federal College Of Orthopedic Technology, Igbobi...
Done with Federal College Of Orthopedic Technology, Igbobi.
Deep diving into courses for Federal College Of Wildlife Management, New Bussa...
Done with Federal College Of Wildlife Management, New Bussa.
Deep diving into courses for Federal Cooperative College, Ibadan...
Done with Federal Cooperative College, Ibadan.
Deep diving into courses for Federal Cooperative College, Kaduna...
Done with Federal Cooperative College, Kaduna.
Deep diving into courses for Federal Cooperative College, Oji River...
Done with Federal Cooperative College, Oji River.
Deep diving into courses for Federal Polytechnic Ado-Ekiti...
Done with Federal Polytechnic Ado-Ekiti.
Deep diving into courses for federal polytechnic bal...
Done with federal polytechnic bal.
Deep diving into courses for Federal Polytechnic Daura...
Done with Federal Polytechnic Daura.
Deep diving into courses for Federal Polytechnic of Oil and Gas, Bonny...
Done with Federal Polytechnic of Oil and Gas, Bonny.
Deep diving into courses for Federal Polytechnic, Bali...
Done with Federal Polytechnic, Bali.
Deep diving into courses for Federal polytechnic, Bauchi...
Done with Federal polytechnic, Bauchi.
Deep diving into courses for Federal polytechnic, Bida...
Done with Federal polytechnic, Bida.
Deep diving into courses for Federal polytechnic, Birnin-Kebbi...
Done with Federal polytechnic, Birnin-Kebbi.
Deep diving into courses for Federal polytechnic, Damaturu...
Done with Federal polytechnic, Damaturu.
Deep diving into courses for Federal polytechnic, Ede...
Done with Federal polytechnic, Ede.
Deep diving into courses for Federal Polytechnic, Ekowe...
Done with Federal Polytechnic, Ekowe.
Deep diving into courses for Federal polytechnic, Idah...
Done with Federal polytechnic, Idah.
Deep diving into courses for Federal polytechnic, Ilaro...
Done with Federal polytechnic, Ilaro.
Deep diving into courses for Federal Polytechnic, Ile-Oluji...
Done with Federal Polytechnic, Ile-Oluji.
Deep diving into courses for Federal Polytechnic, Kaura Namoda...
Done with Federal Polytechnic, Kaura Namoda.
Deep diving into courses for Federal polytechnic, Mubi...
Done with Federal polytechnic, Mubi.
Deep diving into courses for Federal polytechnic, Nasarawa...
Done with Federal polytechnic, Nasarawa.
Deep diving into courses for Federal polytechnic, Nekede...
Done with Federal polytechnic, Nekede.
Deep diving into courses for Federal Polytechnic, Offa...
Done with Federal Polytechnic, Offa.
Deep diving into courses for Federal polytechnic, Oko...
Done with Federal polytechnic, Oko.
Deep diving into courses for Federal Polytechnic, Ukana...
Done with Federal Polytechnic, Ukana.
Deep diving into courses for Federal School Of Dental Technology And Therapy, Enugu...
Done with Federal School Of Dental Technology And Therapy, Enugu.
Deep diving into courses for Federal School Of Social Works...
Done with Federal School Of Social Works.
Deep diving into courses for Federal School of Statistics, Ibadan...
Done with Federal School of Statistics, Ibadan.
Deep diving into courses for Federal School of Statistics, Manchok...
Done with Federal School of Statistics, Manchok.
Deep diving into courses for Federal School Of Surveying, Oyo...
Done with Federal School Of Surveying, Oyo.
Deep diving into courses for Federal Training Centre Kaduna...
Done with Federal Training Centre Kaduna.
Deep diving into courses for Fidei Polytechnic, Gboko...
Done with Fidei Polytechnic, Gboko.
Deep diving into courses for Flyingdove Institute Of Information Technology, Abuja...
Done with Flyingdove Institute Of Information Technology, Abuja.
Deep diving into courses for Gateway polytechnic Saapade...
Done with Gateway polytechnic Saapade.
Deep diving into courses for Gboko Polytechnic...
Done with Gboko Polytechnic.
Deep diving into courses for Gombe State College Of Health Sciences And Technology, Kaltungo...
Done with Gombe State College Of Health Sciences And Technology, Kaltungo.
Deep diving into courses for Gombe State College Of Nursing And Midwifery...
Done with Gombe State College Of Nursing And Midwifery.
Deep diving into courses for Gombe State Polytechnic...
Done with Gombe State Polytechnic.
Deep diving into courses for Grace Polytechnic, Lagos...
Done with Grace Polytechnic, Lagos.
Deep diving into courses for GraceLand Polytechnic...
Done with GraceLand Polytechnic.
Deep diving into courses for Grundtvig Polytechnic...
Done with Grundtvig Polytechnic.
Deep diving into courses for Harry Pass Polytechnic, Tse Usen Mkar...
Done with Harry Pass Polytechnic, Tse Usen Mkar.
Deep diving into courses for HARVARDE COLLEGE OF MANAGEMENT AND BUSINESS STUDIES, ABEOKUTA,...
Done with HARVARDE COLLEGE OF MANAGEMENT AND BUSINESS STUDIES, ABEOKUTA,.
Deep diving into courses for Hassan Usman Katsina Poly...
Done with Hassan Usman Katsina Poly.
Deep diving into courses for Heritage Polytechnic...
Done with Heritage Polytechnic.
Deep diving into courses for Highland College Of Tech. & Further Education...
Done with Highland College Of Tech. & Further Education.
Deep diving into courses for Hussaini Adamu Federal polytechnic...
Done with Hussaini Adamu Federal polytechnic.
Deep diving into courses for I-Con Universal Polytechnic...
Done with I-Con Universal Polytechnic.
Deep diving into courses for Ibadan City Polytechnic...
Done with Ibadan City Polytechnic.
Deep diving into courses for IBOM METROPOLITAN POLYTECHNIC, ATAN OFFOT...
Done with IBOM METROPOLITAN POLYTECHNIC, ATAN OFFOT.
Deep diving into courses for Ifo College Of Management And Technology...
Done with Ifo College Of Management And Technology.
Deep diving into courses for Igbajo Polytechnic...
Done with Igbajo Polytechnic.
Deep diving into courses for Ihechukwu Madubuike Institute of Technology...
Done with Ihechukwu Madubuike Institute of Technology.
Deep diving into courses for Imfi, Ict Academy, Uyo...
Done with Imfi, Ict Academy, Uyo.
Deep diving into courses for Imo State College Of Nursing And Health Sciences...
Done with Imo State College Of Nursing And Health Sciences.
Deep diving into courses for Imo State Polytechnic...
Done with Imo State Polytechnic.
Deep diving into courses for Innovation Institute Of Technology, Kaduna...
Done with Innovation Institute Of Technology, Kaduna.
Deep diving into courses for Institute of Administration Kongo...
Done with Institute of Administration Kongo.
Deep diving into courses for Institute of Health Technology UBTH...
Done with Institute of Health Technology UBTH.
Deep diving into courses for Institute of Management Technology, Enugu...
Done with Institute of Management Technology, Enugu.
Deep diving into courses for Institute Of Public Health (OAU), Ile-ife...
Done with Institute Of Public Health (OAU), Ile-ife.
Deep diving into courses for Institute of Technology and Management...
Done with Institute of Technology and Management.
Deep diving into courses for Interlink Polytechnic...
Done with Interlink Polytechnic.
Deep diving into courses for Isa Mustapha Agwai I Polytechnic...
Done with Isa Mustapha Agwai I Polytechnic.
Deep diving into courses for Iwo City Polytechnic...
Done with Iwo City Polytechnic.
Deep diving into courses for Jigawa State Institute Of Information Technology...
Done with Jigawa State Institute Of Information Technology.
Deep diving into courses for Jigawa State Polytechnic...
Done with Jigawa State Polytechnic.
Deep diving into courses for Kaduna Business School...
Done with Kaduna Business School.
Deep diving into courses for Kaduna Polytechnic...
Done with Kaduna Polytechnic.
Deep diving into courses for Kalac Christal Polytechnic...
Done with Kalac Christal Polytechnic.
Deep diving into courses for Kano State College of Health Science and Technology...
Done with Kano State College of Health Science and Technology.
Deep diving into courses for Kano State polytechnic...
Done with Kano State polytechnic.
Deep diving into courses for Karrox-ugrl Computer Education & Training Centre...
Done with Karrox-ugrl Computer Education & Training Centre.
Deep diving into courses for Katsina State College Of Health Sciences Technology...
Done with Katsina State College Of Health Sciences Technology.
Deep diving into courses for Katsina State College Of Nursing And Midwifery...
Done with Katsina State College Of Nursing And Midwifery.
Deep diving into courses for Ken Saro-Wiwa Polytechnic...
Done with Ken Saro-Wiwa Polytechnic.
Deep diving into courses for Kings Polytechnic...
Done with Kings Polytechnic.
Deep diving into courses for Kogi State Polytechnic...
Done with Kogi State Polytechnic.
Deep diving into courses for Kwara State College of Health Technology...
Done with Kwara State College of Health Technology.
Deep diving into courses for Kwara State polytechnic...
Done with Kwara State polytechnic.
Deep diving into courses for Lagos City Computer College, Lagos...
Done with Lagos City Computer College, Lagos.
Deep diving into courses for Lagos City polytechnic...
Done with Lagos City polytechnic.
Deep diving into courses for Lagos State College of Health Technology....
Done with Lagos State College of Health Technology..
Deep diving into courses for Lagos State College Of Nursing And Midwifery Igando...
Done with Lagos State College Of Nursing And Midwifery Igando.
Deep diving into courses for Lagos State polytechnic...
Done with Lagos State polytechnic.
Deep diving into courses for Lagos University Teaching Hospital...
Done with Lagos University Teaching Hospital.
Deep diving into courses for Lani Stephens Music Institute...
Done with Lani Stephens Music Institute.
Deep diving into courses for Laser Petroleum Geo-sciences Centre...
Done with Laser Petroleum Geo-sciences Centre.
Deep diving into courses for Lens Polytechnic Offa...
Done with Lens Polytechnic Offa.
Deep diving into courses for Light House Polytechnic...
Done with Light House Polytechnic.
Deep diving into courses for Linet Paul Innovative Institute...
Done with Linet Paul Innovative Institute.
Deep diving into courses for Literacy College Of Management And Technology...
Done with Literacy College Of Management And Technology.
Deep diving into courses for Lufodo Academy Of Performing Arts...
Done with Lufodo Academy Of Performing Arts.
Deep diving into courses for Mai Idris Alooma Polytechnic...
Done with Mai Idris Alooma Polytechnic.
Deep diving into courses for Mainland College of Technology...
Done with Mainland College of Technology.
Deep diving into courses for Mallam Yahaya Hamza Institute Of Advance Studies,...
Done with Mallam Yahaya Hamza Institute Of Advance Studies,.
Deep diving into courses for Marist Polytechnic...
Done with Marist Polytechnic.
Deep diving into courses for Maritime Academy of Nigeria...
Done with Maritime Academy of Nigeria.
Deep diving into courses for Mater Dei Polytechnic...
Done with Mater Dei Polytechnic.
Deep diving into courses for Metallurgical Training Institute, Onitsha...
Done with Metallurgical Training Institute, Onitsha.
Deep diving into courses for Meteorological Institute of Science and Technology...
Done with Meteorological Institute of Science and Technology.
Deep diving into courses for Metropolitan Institute Of Technology...
Done with Metropolitan Institute Of Technology.
Deep diving into courses for Michael Imodu National Institute for Labour Studies...
Done with Michael Imodu National Institute for Labour Studies.
Deep diving into courses for Millennium College of Health Technology...
Done with Millennium College of Health Technology.
Deep diving into courses for Mohammed Lawan College Of Agriculture, Maiduguri...
Done with Mohammed Lawan College Of Agriculture, Maiduguri.
Deep diving into courses for Moshood Abiola polytechnic...
Done with Moshood Abiola polytechnic.
Deep diving into courses for Nacabs Polytechnic...
Done with Nacabs Polytechnic.
Deep diving into courses for Nasarawa State Polytechnic...
Done with Nasarawa State Polytechnic.
Deep diving into courses for National Institute for Construction Technology, Uromi...
Done with National Institute for Construction Technology, Uromi.
Deep diving into courses for National Library of Nigeria...
Done with National Library of Nigeria.
Deep diving into courses for National Water Resources Institute...
Done with National Water Resources Institute.
Deep diving into courses for Niger State College Of Agriculture, Mokwa...
Done with Niger State College Of Agriculture, Mokwa.
Deep diving into courses for Niger State polytechnic...
Done with Niger State polytechnic.
Deep diving into courses for Nigeria Army College of medical Sciences...
Done with Nigeria Army College of medical Sciences.
Deep diving into courses for Nigeria Army Institute of Technology and Environmental Studies...
Done with Nigeria Army Institute of Technology and Environmental Studies.
Deep diving into courses for Nigeria Army School Of Military Engineering, Makurdi...
Done with Nigeria Army School Of Military Engineering, Makurdi.
Deep diving into courses for Nigeria Institute of Mining and Geoscience...
Done with Nigeria Institute of Mining and Geoscience.
Deep diving into courses for Nigerian Air Force College of Nursing...
Done with Nigerian Air Force College of Nursing.
Deep diving into courses for Nigerian Army College of Environmental Science and Technology...
Done with Nigerian Army College of Environmental Science and Technology.
Deep diving into courses for Nigerian Army College of Nursing and Midwifery...
Done with Nigerian Army College of Nursing and Midwifery.
Deep diving into courses for Nigerian Army School Of Finance And Administration...
Done with Nigerian Army School Of Finance And Administration.
Deep diving into courses for Nigerian College of Aviation Technology...
Done with Nigerian College of Aviation Technology.
Deep diving into courses for Nigerian Institute Of Journalism, Ikeja...
Done with Nigerian Institute Of Journalism, Ikeja.
Deep diving into courses for Nigerian Institution of Leather Technology and Science Technology...
Done with Nigerian Institution of Leather Technology and Science Technology.
Deep diving into courses for Nigerian Navy of Finance And Logistics College...
Done with Nigerian Navy of Finance And Logistics College.
Deep diving into courses for Nigerian Navy School of Health Science, Offa...
Done with Nigerian Navy School of Health Science, Offa.
Deep diving into courses for NIIT...
Done with NIIT.
Deep diving into courses for NKST College of Health Technology...
Done with NKST College of Health Technology.
Deep diving into courses for Nnamdi Azikiwe University Teaching Hospital...
Done with Nnamdi Azikiwe University Teaching Hospital.
Deep diving into courses for Nogak Polytechnic...
Done with Nogak Polytechnic.
Deep diving into courses for Novelty Polytechnic...
Done with Novelty Polytechnic.
Deep diving into courses for Nuhu Bamalli polytechnic...
Done with Nuhu Bamalli polytechnic.
Deep diving into courses for OAK Business School, River View Estate...
Done with OAK Business School, River View Estate.
Deep diving into courses for Obafemi Awolowo University Teaching Hospital Complex...
Done with Obafemi Awolowo University Teaching Hospital Complex.
Deep diving into courses for Ogun State College of Health Technology...
Done with Ogun State College of Health Technology.
Deep diving into courses for Ogun State Institute of Technology...
Done with Ogun State Institute of Technology.
Deep diving into courses for Ondo State School of Health Technology...
Done with Ondo State School of Health Technology.
Deep diving into courses for Osun State College of Technology...
Done with Osun State College of Technology.
Deep diving into courses for Osun State polytechnic...
Done with Osun State polytechnic.
Deep diving into courses for Osun State School Of Health Technology...
Done with Osun State School Of Health Technology.
Deep diving into courses for Our Saviour Institute of Science, Agric. & Tech....
Done with Our Saviour Institute of Science, Agric. & Tech..
Deep diving into courses for Oyo State College Of Agriculture...
Done with Oyo State College Of Agriculture.
Deep diving into courses for Oyo State College Of Health Sciences And Technology, Eleyele Ibadan...
Done with Oyo State College Of Health Sciences And Technology, Eleyele Ibadan.
Deep diving into courses for Petroleum Training Institute...
Done with Petroleum Training Institute.
Deep diving into courses for Plateau State College Of Agriculture, Garkawa...
Done with Plateau State College Of Agriculture, Garkawa.
Deep diving into courses for Plateau State Polytechnic...
Done with Plateau State Polytechnic.
Deep diving into courses for POGIL College of Health Technology...
Done with POGIL College of Health Technology.
Deep diving into courses for Polytechnic Of Sokoto...
Done with Polytechnic Of Sokoto.
Deep diving into courses for Port Harcourt Polytechnic, Rumuola...
Done with Port Harcourt Polytechnic, Rumuola.
Deep diving into courses for Prime Polytechnic...
Done with Prime Polytechnic.
Deep diving into courses for Ramat polytechnic...
Done with Ramat polytechnic.
Deep diving into courses for Redeemer’s College of Technology and Management...
Done with Redeemer’s College of Technology and Management.
Deep diving into courses for Rivers State College Of Arts And Science...
Done with Rivers State College Of Arts And Science.
Deep diving into courses for Rivers State College Of Health Science And Technology...
Done with Rivers State College Of Health Science And Technology.
Deep diving into courses for Rivers State polytechnic...
Done with Rivers State polytechnic.
Deep diving into courses for Ronik Polytechnic...
Done with Ronik Polytechnic.
Deep diving into courses for Rufus Giwa polytechnic...
Done with Rufus Giwa polytechnic.
Deep diving into courses for Samaru College Of Agriculture...
Done with Samaru College Of Agriculture.
Deep diving into courses for School  of Health Information Management, University of Uyo Teaching Hospital...
Done with School  of Health Information Management, University of Uyo Teaching Hospital.
Deep diving into courses for School Of Agriculture, Bauchi...
Done with School Of Agriculture, Bauchi.
Deep diving into courses for School Of Agriculture, Ikorodu...
Done with School Of Agriculture, Ikorodu.
Deep diving into courses for School Of Biomedical Engineering, University of Benin Teaching Hospital...
Done with School Of Biomedical Engineering, University of Benin Teaching Hospital.
Deep diving into courses for School of Biomedical Engineering, University of Lagos Teaching Hospital, Lagos...
Done with School of Biomedical Engineering, University of Lagos Teaching Hospital, Lagos.
